.section	.text
.align	1
param32_rec:
param32_rec_blk_0:
	li	t0,	-3736
	add	sp,	sp,	t0
	li	t0,	3728
	add	t0,	sp,	t0
	sd	ra,	0(t0)
	sw	s11,	3724(sp)
	sw	s10,	3720(sp)
	sw	s1,	3716(sp)
	sw	s9,	3712(sp)
	sw	s0,	3708(sp)
	sw	s8,	3704(sp)
	sw	s7,	3700(sp)
	sw	s6,	3696(sp)
	sw	s5,	3692(sp)
	sw	s4,	3688(sp)
	sw	s3,	3684(sp)
	sw	s2,	3680(sp)
	lw	t0,	332(sp)
	sw	t0,	376(sp)
	lw	t0,	328(sp)
	sw	t0,	328(sp)
	lw	t0,	324(sp)
	sw	t0,	228(sp)
	lw	t0,	320(sp)
	sw	t0,	320(sp)
	lw	s10,	316(sp)
	lw	t0,	312(sp)
	sw	t0,	364(sp)
	lw	s3,	308(sp)
	lw	t0,	304(sp)
	sw	t0,	360(sp)
	lw	t3,	300(sp)
	lw	t0,	296(sp)
	sw	t0,	396(sp)
	lw	s2,	292(sp)
	lw	s4,	288(sp)
	lw	s9,	284(sp)
	lw	t0,	280(sp)
	sw	t0,	260(sp)
	lw	s11,	276(sp)
	lw	t0,	272(sp)
	sw	t0,	324(sp)
	lw	t0,	268(sp)
	sw	t0,	288(sp)
	lw	s5,	264(sp)
	lw	s8,	260(sp)
	lw	t0,	256(sp)
	sw	t0,	380(sp)
	lw	s7,	252(sp)
	lw	t0,	248(sp)
	sw	t0,	348(sp)
	lw	s6,	244(sp)
	lw	t4,	240(sp)
	mv	t0,	a7
	sw	t0,	232(sp)
	mv	t0,	a6
	sw	t0,	304(sp)
	mv	a5,	a5
	mv	t0,	a4
	sw	t0,	368(sp)
	mv	a6,	a3
	mv	t0,	a2
	sw	t0,	248(sp)
	mv	t5,	a1
	mv	a7,	a0
	addi	t0,	sp,	96
	sw	t0,	256(sp)
	addi	t2,	sp,	100
	addi	t0,	sp,	104
	sw	t0,	276(sp)
	addi	t0,	sp,	108
	sw	t0,	244(sp)
	addi	t0,	sp,	112
	sw	t0,	392(sp)
	addi	t0,	sp,	116
	sw	t0,	268(sp)
	addi	t0,	sp,	120
	sw	t0,	240(sp)
	addi	t0,	sp,	124
	sw	t0,	292(sp)
	addi	t0,	sp,	128
	sw	t0,	352(sp)
	addi	s1,	sp,	132
	addi	t0,	sp,	136
	sw	t0,	300(sp)
	addi	t0,	sp,	140
	sw	t0,	340(sp)
	addi	a3,	sp,	144
	addi	t0,	sp,	148
	sw	t0,	3676(sp)
	addi	t0,	sp,	152
	sw	t0,	316(sp)
	addi	t0,	sp,	156
	sw	t0,	384(sp)
	addi	a4,	sp,	160
	addi	t0,	sp,	164
	sw	t0,	312(sp)
	addi	t0,	sp,	168
	sw	t0,	264(sp)
	addi	a2,	sp,	172
	addi	t0,	sp,	176
	sw	t0,	388(sp)
	addi	a0,	sp,	180
	addi	t0,	sp,	184
	sw	t0,	344(sp)
	addi	t0,	sp,	188
	sw	t0,	336(sp)
	addi	t0,	sp,	192
	sw	t0,	284(sp)
	addi	t0,	sp,	196
	sw	t0,	272(sp)
	addi	t0,	sp,	200
	sw	t0,	332(sp)
	addi	s0,	sp,	204
	addi	t6,	sp,	208
	addi	a1,	sp,	212
	addi	t0,	sp,	216
	sw	t0,	252(sp)
	addi	t0,	sp,	220
	sw	t0,	308(sp)
	addi	t0,	sp,	224
	sw	t0,	356(sp)
	li	t0,	0
	sw	t0,	480(sp)
	lw	t0,	256(sp)
	sw	t0,	444(sp)
	lw	t0,	444(sp)
	sw	t0,	408(sp)
	lw	t0,	408(sp)
	sw	t0,	432(sp)
	lw	t0,	432(sp)
	sw	t0,	552(sp)
	lw	t0,	480(sp)
	sw	t0,	512(sp)
	lw	t0,	512(sp)
	sw	t0,	752(sp)
	lw	t0,	552(sp)
	sw	t0,	644(sp)
	lw	t0,	644(sp)
	sw	t0,	560(sp)
	lw	t0,	560(sp)
	sw	t0,	632(sp)
	lw	t0,	632(sp)
	lw	t1,	752(sp)
	sw	t1,	2812(sp)
	lw	t1,	2812(sp)
	sw	t1,	2088(sp)
	lw	t1,	2088(sp)
	sw	t1,	2688(sp)
	lw	t1,	2688(sp)
	sw	t1,	1568(sp)
	lw	t1,	1568(sp)
	sw	t1,	3464(sp)
	lw	t1,	3464(sp)
	sw	t1,	2360(sp)
	lw	t1,	2360(sp)
	sw	t1,	2576(sp)
	lw	t1,	2576(sp)
	sw	t1,	1136(sp)
	lw	t1,	1136(sp)
	sw	t1,	3384(sp)
	lw	t1,	3384(sp)
	sw	t1,	1916(sp)
	lw	t1,	1916(sp)
	sw	t1,	3504(sp)
	lw	t1,	3504(sp)
	sw	t1,	1408(sp)
	lw	t1,	1408(sp)
	sw	t1,	2868(sp)
	lw	t1,	2868(sp)
	sw	t1,	2164(sp)
	lw	t1,	2164(sp)
	sw	t1,	2452(sp)
	lw	t1,	2452(sp)
	sw	t1,	856(sp)
	lw	t1,	856(sp)
	sw	t1,	2628(sp)
	lw	t1,	2628(sp)
	sw	t1,	2032(sp)
	lw	t1,	2032(sp)
	sw	t1,	2620(sp)
	lw	t1,	2620(sp)
	sw	t1,	1388(sp)
	lw	t1,	1388(sp)
	sw	t1,	2820(sp)
	lw	t1,	2820(sp)
	sw	t1,	2432(sp)
	lw	t1,	2432(sp)
	sw	t1,	2772(sp)
	lw	t1,	2772(sp)
	sw	t1,	1040(sp)
	lw	t1,	1040(sp)
	sw	t1,	3064(sp)
	lw	t1,	3064(sp)
	sw	t1,	1992(sp)
	lw	t1,	1992(sp)
	sw	t1,	3484(sp)
	lw	t1,	3484(sp)
	sw	t1,	1444(sp)
	lw	t1,	1444(sp)
	sw	t1,	3184(sp)
	lw	t1,	3184(sp)
	sw	t1,	2040(sp)
	lw	t1,	2040(sp)
	sw	t1,	3540(sp)
	lw	t1,	3540(sp)
	sw	t1,	776(sp)
	lw	t1,	776(sp)
	sw	t1,	2640(sp)
	lw	t1,	2640(sp)
	sw	t1,	2316(sp)
	lw	t1,	2316(sp)
	sw	t1,	3404(sp)
	lw	t1,	3404(sp)
	sw	t1,	1704(sp)
	lw	t1,	1704(sp)
	sw	t1,	3052(sp)
	lw	t1,	3052(sp)
	sw	t1,	2188(sp)
	lw	t1,	2188(sp)
	sw	t1,	3632(sp)
	lw	t1,	3632(sp)
	sw	t1,	1048(sp)
	lw	t1,	1048(sp)
	sw	t1,	2744(sp)
	lw	t1,	2744(sp)
	sw	t1,	2180(sp)
	lw	t1,	2180(sp)
	sw	t1,	3076(sp)
	lw	t1,	3076(sp)
	sw	t1,	1612(sp)
	lw	t1,	1612(sp)
	sw	t1,	2708(sp)
	lw	t1,	2708(sp)
	sw	t1,	2308(sp)
	lw	t1,	2308(sp)
	sw	t1,	2796(sp)
	lw	t1,	2796(sp)
	sw	t1,	1024(sp)
	lw	t1,	1024(sp)
	sw	t1,	3580(sp)
	lw	t1,	3580(sp)
	sw	t1,	2240(sp)
	lw	t1,	2240(sp)
	sw	t1,	3164(sp)
	lw	t1,	3164(sp)
	sw	t1,	1520(sp)
	lw	t1,	1520(sp)
	sw	t1,	3664(sp)
	lw	t1,	3664(sp)
	sw	t1,	2204(sp)
	lw	t1,	2204(sp)
	sw	t1,	3372(sp)
	lw	t1,	3372(sp)
	sw	t1,	1092(sp)
	lw	t1,	1092(sp)
	sw	t1,	2536(sp)
	lw	t1,	2536(sp)
	sw	t1,	1956(sp)
	lw	t1,	1956(sp)
	sw	t1,	3512(sp)
	lw	t1,	3512(sp)
	sw	t1,	1796(sp)
	lw	t1,	1796(sp)
	sw	t1,	3396(sp)
	lw	t1,	3396(sp)
	sw	t1,	2044(sp)
	lw	t1,	2044(sp)
	sw	t1,	2896(sp)
	lw	t1,	2896(sp)
	sw	t1,	0(t0)
	lw	t0,	288(sp)
	sw	t0,	0(t2)
	lw	t0,	276(sp)
	sw	t0,	416(sp)
	lw	t0,	368(sp)
	sw	t0,	460(sp)
	lw	t0,	416(sp)
	sw	t0,	452(sp)
	lw	t0,	452(sp)
	sw	t0,	608(sp)
	lw	t0,	460(sp)
	sw	t0,	536(sp)
	lw	t0,	536(sp)
	sw	t0,	500(sp)
	lw	t0,	500(sp)
	sw	t0,	544(sp)
	lw	t0,	544(sp)
	sw	t0,	828(sp)
	lw	t0,	608(sp)
	sw	t0,	740(sp)
	lw	t0,	740(sp)
	sw	t0,	692(sp)
	lw	t0,	692(sp)
	sw	t0,	716(sp)
	lw	t1,	716(sp)
	lw	t0,	828(sp)
	sw	t0,	3128(sp)
	lw	t0,	3128(sp)
	sw	t0,	2368(sp)
	lw	t0,	2368(sp)
	sw	t0,	3204(sp)
	lw	t0,	3204(sp)
	sw	t0,	1404(sp)
	lw	t0,	1404(sp)
	sw	t0,	3596(sp)
	lw	t0,	3596(sp)
	sw	t0,	2436(sp)
	lw	t0,	2436(sp)
	sw	t0,	3660(sp)
	lw	t0,	3660(sp)
	sw	t0,	1220(sp)
	lw	t0,	1220(sp)
	sw	t0,	2944(sp)
	lw	t0,	2944(sp)
	sw	t0,	2304(sp)
	lw	t0,	2304(sp)
	sw	t0,	2988(sp)
	lw	t0,	2988(sp)
	sw	t0,	1480(sp)
	lw	t0,	1480(sp)
	sw	t0,	2716(sp)
	lw	t0,	2716(sp)
	sw	t0,	2156(sp)
	lw	t0,	2156(sp)
	sw	t0,	3672(sp)
	lw	t0,	3672(sp)
	sw	t0,	960(sp)
	lw	t0,	960(sp)
	sw	t0,	2924(sp)
	lw	t0,	2924(sp)
	sw	t0,	2376(sp)
	lw	t0,	2376(sp)
	sw	t0,	3448(sp)
	lw	t0,	3448(sp)
	sw	t0,	1784(sp)
	lw	t0,	1784(sp)
	sw	t0,	2952(sp)
	lw	t0,	2952(sp)
	sw	t0,	1948(sp)
	lw	t0,	1948(sp)
	sw	t0,	2572(sp)
	lw	t0,	2572(sp)
	sw	t0,	1208(sp)
	lw	t0,	1208(sp)
	sw	t0,	3348(sp)
	lw	t0,	3348(sp)
	sw	t0,	2292(sp)
	lw	t0,	2292(sp)
	sw	t0,	2932(sp)
	lw	t0,	2932(sp)
	sw	t0,	1664(sp)
	lw	t0,	1664(sp)
	sw	t0,	3088(sp)
	lw	t0,	3088(sp)
	sw	t0,	1844(sp)
	lw	t0,	1844(sp)
	sw	t0,	2616(sp)
	lw	t0,	2616(sp)
	sw	t0,	0(t1)
	lw	t0,	232(sp)
	sw	t0,	464(sp)
	lw	t0,	244(sp)
	sw	t0,	428(sp)
	lw	t0,	428(sp)
	sw	t0,	424(sp)
	lw	t0,	424(sp)
	sw	t0,	440(sp)
	lw	t0,	440(sp)
	sw	t0,	496(sp)
	lw	t0,	464(sp)
	sw	t0,	540(sp)
	lw	t0,	496(sp)
	sw	t0,	1776(sp)
	lw	t0,	540(sp)
	sw	t0,	1112(sp)
	lw	t0,	1112(sp)
	sw	t0,	1028(sp)
	lw	t0,	1028(sp)
	sw	t0,	1268(sp)
	lw	t0,	1268(sp)
	sw	t0,	824(sp)
	lw	t0,	824(sp)
	sw	t0,	1320(sp)
	lw	t0,	1320(sp)
	sw	t0,	932(sp)
	lw	t0,	932(sp)
	sw	t0,	1104(sp)
	lw	t0,	1104(sp)
	sw	t0,	728(sp)
	lw	t0,	728(sp)
	sw	t0,	1036(sp)
	lw	t0,	1036(sp)
	sw	t0,	868(sp)
	lw	t0,	868(sp)
	sw	t0,	1152(sp)
	lw	t0,	1152(sp)
	sw	t0,	816(sp)
	lw	t0,	816(sp)
	sw	t0,	1072(sp)
	lw	t0,	1072(sp)
	sw	t0,	1012(sp)
	lw	t0,	1012(sp)
	sw	t0,	1148(sp)
	lw	t0,	1148(sp)
	sw	t0,	668(sp)
	lw	t0,	668(sp)
	sw	t0,	1068(sp)
	lw	t0,	1068(sp)
	sw	t0,	956(sp)
	lw	t0,	956(sp)
	sw	t0,	1160(sp)
	lw	t0,	1160(sp)
	sw	t0,	800(sp)
	lw	t0,	800(sp)
	sw	t0,	1344(sp)
	lw	t0,	1344(sp)
	sw	t0,	884(sp)
	lw	t0,	884(sp)
	sw	t0,	1164(sp)
	lw	t0,	1164(sp)
	sw	t0,	708(sp)
	lw	t0,	708(sp)
	sw	t0,	1272(sp)
	lw	t0,	1272(sp)
	sw	t0,	888(sp)
	lw	t0,	888(sp)
	sw	t0,	1376(sp)
	lw	t0,	1376(sp)
	sw	t0,	820(sp)
	lw	t0,	820(sp)
	sw	t0,	1256(sp)
	lw	t0,	1256(sp)
	sw	t0,	1016(sp)
	lw	t0,	1016(sp)
	sw	t0,	1352(sp)
	lw	t0,	1352(sp)
	sw	t0,	572(sp)
	lw	t0,	572(sp)
	sw	t0,	1304(sp)
	lw	t0,	1304(sp)
	sw	t0,	908(sp)
	lw	t0,	908(sp)
	sw	t0,	1060(sp)
	lw	t0,	1060(sp)
	sw	t0,	808(sp)
	lw	t0,	808(sp)
	sw	t0,	1244(sp)
	lw	t0,	1244(sp)
	sw	t0,	1000(sp)
	lw	t0,	1000(sp)
	sw	t0,	1180(sp)
	lw	t0,	1180(sp)
	sw	t0,	720(sp)
	lw	t0,	720(sp)
	sw	t0,	1056(sp)
	lw	t0,	1056(sp)
	sw	t0,	900(sp)
	lw	t0,	900(sp)
	sw	t0,	1248(sp)
	lw	t0,	1248(sp)
	sw	t0,	852(sp)
	lw	t0,	852(sp)
	sw	t0,	1176(sp)
	lw	t0,	1176(sp)
	sw	t0,	972(sp)
	lw	t0,	972(sp)
	sw	t0,	1368(sp)
	lw	t0,	1368(sp)
	sw	t0,	676(sp)
	lw	t0,	676(sp)
	sw	t0,	1156(sp)
	lw	t0,	1156(sp)
	sw	t0,	968(sp)
	lw	t0,	968(sp)
	sw	t0,	1228(sp)
	lw	t0,	1228(sp)
	sw	t0,	836(sp)
	lw	t0,	836(sp)
	sw	t0,	1224(sp)
	lw	t0,	1224(sp)
	sw	t0,	980(sp)
	lw	t0,	980(sp)
	sw	t0,	1212(sp)
	lw	t0,	1212(sp)
	sw	t0,	760(sp)
	lw	t0,	760(sp)
	sw	t0,	1100(sp)
	lw	t0,	1100(sp)
	sw	t0,	964(sp)
	lw	t0,	964(sp)
	sw	t0,	1128(sp)
	lw	t0,	1128(sp)
	sw	t0,	764(sp)
	lw	t0,	764(sp)
	sw	t0,	1312(sp)
	lw	t0,	1312(sp)
	sw	t0,	872(sp)
	lw	t0,	872(sp)
	sw	t0,	1288(sp)
	lw	t1,	1288(sp)
	lw	t0,	1776(sp)
	sw	t0,	3392(sp)
	lw	t0,	3392(sp)
	sw	t0,	1840(sp)
	lw	t0,	1840(sp)
	sw	t0,	2460(sp)
	lw	t0,	2460(sp)
	sw	t1,	0(t0)
	lw	t0,	328(sp)
	sw	t0,	420(sp)
	lw	t0,	392(sp)
	sw	t0,	448(sp)
	lw	t0,	420(sp)
	sw	t0,	556(sp)
	lw	t0,	448(sp)
	sw	t0,	488(sp)
	lw	t0,	488(sp)
	sw	t0,	472(sp)
	lw	t0,	472(sp)
	sw	t0,	504(sp)
	lw	t1,	504(sp)
	lw	t0,	556(sp)
	sw	t0,	2600(sp)
	lw	t0,	2600(sp)
	sw	t0,	2084(sp)
	lw	t0,	2084(sp)
	sw	t0,	3196(sp)
	lw	t0,	3196(sp)
	sw	t0,	1656(sp)
	lw	t0,	1656(sp)
	sw	t0,	2608(sp)
	lw	t0,	2608(sp)
	sw	t0,	1980(sp)
	lw	t0,	1980(sp)
	sw	t0,	3608(sp)
	lw	t0,	3608(sp)
	sw	t0,	1284(sp)
	lw	t0,	1284(sp)
	sw	t0,	2564(sp)
	lw	t0,	2564(sp)
	sw	t0,	2052(sp)
	lw	t0,	2052(sp)
	sw	t0,	2724(sp)
	lw	t0,	2724(sp)
	sw	t0,	1684(sp)
	lw	t0,	1684(sp)
	sw	t0,	2508(sp)
	lw	t0,	2508(sp)
	sw	t0,	2172(sp)
	lw	t0,	2172(sp)
	sw	t0,	2448(sp)
	lw	t0,	2448(sp)
	sw	t0,	988(sp)
	lw	t0,	988(sp)
	sw	t0,	2976(sp)
	lw	t0,	2976(sp)
	sw	t0,	2036(sp)
	lw	t0,	2036(sp)
	sw	t0,	2844(sp)
	lw	t0,	2844(sp)
	sw	t0,	1400(sp)
	lw	t0,	1400(sp)
	sw	t0,	3444(sp)
	lw	t0,	3444(sp)
	sw	t0,	2228(sp)
	lw	t0,	2228(sp)
	sw	t0,	2544(sp)
	lw	t0,	2544(sp)
	sw	t0,	1308(sp)
	lw	t0,	1308(sp)
	sw	t0,	3584(sp)
	lw	t0,	3584(sp)
	sw	t0,	2416(sp)
	lw	t0,	2416(sp)
	sw	t0,	3560(sp)
	lw	t0,	3560(sp)
	sw	t0,	1620(sp)
	lw	t0,	1620(sp)
	sw	t0,	2760(sp)
	lw	t0,	2760(sp)
	sw	t0,	2160(sp)
	lw	t0,	2160(sp)
	sw	t0,	2488(sp)
	lw	t0,	2488(sp)
	sw	t0,	812(sp)
	lw	t0,	812(sp)
	sw	t0,	2668(sp)
	lw	t0,	2668(sp)
	sw	t0,	1856(sp)
	lw	t0,	1856(sp)
	sw	t0,	3040(sp)
	lw	t0,	3040(sp)
	sw	t0,	1660(sp)
	lw	t0,	1660(sp)
	sw	t0,	2804(sp)
	lw	t0,	2804(sp)
	sw	t0,	1832(sp)
	lw	t0,	1832(sp)
	sw	t0,	3380(sp)
	lw	t0,	3380(sp)
	sw	t0,	1140(sp)
	lw	t0,	1140(sp)
	sw	t0,	2864(sp)
	lw	t0,	2864(sp)
	sw	t0,	2012(sp)
	lw	t0,	2012(sp)
	sw	t0,	3008(sp)
	lw	t0,	3008(sp)
	sw	t0,	1692(sp)
	lw	t0,	1692(sp)
	sw	t0,	3592(sp)
	lw	t0,	3592(sp)
	sw	t0,	2232(sp)
	lw	t0,	2232(sp)
	sw	t0,	2684(sp)
	lw	t0,	2684(sp)
	sw	t0,	936(sp)
	lw	t0,	936(sp)
	sw	t0,	3080(sp)
	lw	t0,	3080(sp)
	sw	t0,	2140(sp)
	lw	t0,	2140(sp)
	sw	t0,	3500(sp)
	lw	t0,	3500(sp)
	sw	t0,	1524(sp)
	lw	t0,	1524(sp)
	sw	t0,	3176(sp)
	lw	t0,	3176(sp)
	sw	t0,	1960(sp)
	lw	t0,	1960(sp)
	sw	t0,	3068(sp)
	lw	t0,	3068(sp)
	sw	t0,	1340(sp)
	lw	t0,	1340(sp)
	sw	t0,	2920(sp)
	lw	t0,	2920(sp)
	sw	t0,	1936(sp)
	lw	t0,	1936(sp)
	sw	t0,	3284(sp)
	lw	t0,	3284(sp)
	sw	t0,	1460(sp)
	lw	t0,	1460(sp)
	sw	t0,	2968(sp)
	lw	t0,	2968(sp)
	sw	t0,	2004(sp)
	lw	t0,	2004(sp)
	sw	t0,	3356(sp)
	lw	t0,	3356(sp)
	sw	t0,	756(sp)
	lw	t0,	756(sp)
	sw	t0,	3532(sp)
	lw	t0,	3532(sp)
	sw	t0,	1896(sp)
	lw	t0,	1896(sp)
	sw	t0,	2484(sp)
	lw	t0,	2484(sp)
	sw	t0,	1580(sp)
	lw	t0,	1580(sp)
	sw	t0,	3108(sp)
	lw	t0,	3108(sp)
	sw	t0,	2348(sp)
	lw	t0,	2348(sp)
	sw	t0,	2736(sp)
	lw	t0,	2736(sp)
	sw	t0,	1328(sp)
	lw	t0,	1328(sp)
	sw	t0,	3256(sp)
	lw	t0,	3256(sp)
	sw	t0,	2264(sp)
	lw	t0,	2264(sp)
	sw	t0,	2836(sp)
	lw	t0,	2836(sp)
	sw	t0,	1676(sp)
	lw	t0,	1676(sp)
	sw	t0,	3328(sp)
	lw	t0,	3328(sp)
	sw	t0,	1888(sp)
	lw	t0,	1888(sp)
	sw	t0,	2540(sp)
	lw	t0,	2540(sp)
	sw	t0,	1020(sp)
	lw	t0,	1020(sp)
	sw	t0,	3060(sp)
	lw	t0,	3060(sp)
	sw	t0,	2224(sp)
	lw	t0,	2224(sp)
	sw	t0,	3492(sp)
	lw	t0,	3492(sp)
	sw	t0,	1476(sp)
	lw	t0,	1476(sp)
	sw	t0,	2660(sp)
	lw	t0,	2660(sp)
	sw	t0,	2212(sp)
	lw	t0,	2212(sp)
	sw	t0,	2860(sp)
	lw	t0,	2860(sp)
	sw	t0,	1300(sp)
	lw	t0,	1300(sp)
	sw	t0,	3652(sp)
	lw	t0,	3652(sp)
	sw	t0,	2272(sp)
	lw	t0,	2272(sp)
	sw	t0,	3252(sp)
	lw	t0,	3252(sp)
	sw	t0,	1696(sp)
	lw	t0,	1696(sp)
	sw	t0,	2604(sp)
	lw	t0,	2604(sp)
	sw	t0,	2356(sp)
	lw	t0,	2356(sp)
	sw	t0,	2704(sp)
	lw	t0,	2704(sp)
	sw	t0,	784(sp)
	lw	t0,	784(sp)
	sw	t0,	2972(sp)
	lw	t0,	2972(sp)
	sw	t0,	2208(sp)
	lw	t0,	2208(sp)
	sw	t0,	3116(sp)
	lw	t0,	3116(sp)
	sw	t0,	1432(sp)
	lw	t0,	1432(sp)
	sw	t0,	2792(sp)
	lw	t0,	2792(sp)
	sw	t0,	2296(sp)
	lw	t0,	2296(sp)
	sw	t0,	3212(sp)
	lw	t0,	3212(sp)
	sw	t0,	1332(sp)
	lw	t0,	1332(sp)
	sw	t0,	3100(sp)
	lw	t0,	3100(sp)
	sw	t0,	1880(sp)
	lw	t0,	1880(sp)
	sw	t0,	3368(sp)
	lw	t0,	3368(sp)
	sw	t0,	1532(sp)
	lw	t0,	1532(sp)
	sw	t0,	3012(sp)
	lw	t0,	3012(sp)
	sw	t0,	2048(sp)
	lw	t0,	2048(sp)
	sw	t0,	3604(sp)
	lw	t0,	3604(sp)
	sw	t0,	904(sp)
	lw	t0,	904(sp)
	sw	t0,	3336(sp)
	lw	t0,	3336(sp)
	sw	t0,	2184(sp)
	lw	t0,	2184(sp)
	sw	t0,	3340(sp)
	lw	t0,	3340(sp)
	sw	t0,	1752(sp)
	lw	t0,	1752(sp)
	sw	t0,	3520(sp)
	lw	t0,	3520(sp)
	sw	t0,	2072(sp)
	lw	t0,	2072(sp)
	sw	t0,	3248(sp)
	lw	t0,	3248(sp)
	sw	t0,	1032(sp)
	lw	t0,	1032(sp)
	sw	t0,	3552(sp)
	lw	t0,	3552(sp)
	sw	t0,	2424(sp)
	lw	t0,	2424(sp)
	sw	t0,	3424(sp)
	lw	t0,	3424(sp)
	sw	t0,	1700(sp)
	lw	t0,	1700(sp)
	sw	t0,	2444(sp)
	lw	t0,	2444(sp)
	sw	t0,	2020(sp)
	lw	t0,	2020(sp)
	sw	t0,	2948(sp)
	lw	t0,	2948(sp)
	sw	t0,	612(sp)
	lw	t0,	612(sp)
	sw	t0,	3280(sp)
	lw	t0,	3280(sp)
	sw	t0,	2168(sp)
	lw	t0,	2168(sp)
	sw	t0,	3236(sp)
	lw	t0,	3236(sp)
	sw	t0,	1448(sp)
	lw	t0,	1448(sp)
	sw	t0,	2780(sp)
	lw	t0,	2780(sp)
	sw	t0,	2216(sp)
	lw	t0,	2216(sp)
	sw	t0,	3640(sp)
	lw	t0,	3640(sp)
	sw	t0,	1316(sp)
	lw	t0,	1316(sp)
	sw	t0,	2584(sp)
	lw	t0,	2584(sp)
	sw	t0,	1824(sp)
	lw	t0,	1824(sp)
	sw	t0,	3308(sp)
	lw	t0,	3308(sp)
	sw	t0,	1592(sp)
	lw	t0,	1592(sp)
	sw	t0,	2840(sp)
	lw	t0,	2840(sp)
	sw	t0,	2260(sp)
	lw	t0,	2260(sp)
	sw	t0,	3636(sp)
	lw	t0,	3636(sp)
	sw	t0,	920(sp)
	lw	t0,	920(sp)
	sw	t0,	2956(sp)
	lw	t0,	2956(sp)
	sw	t0,	2396(sp)
	lw	t0,	2396(sp)
	sw	t0,	2940(sp)
	lw	t0,	2940(sp)
	sw	t0,	1396(sp)
	lw	t0,	1396(sp)
	sw	t0,	2672(sp)
	lw	t0,	2672(sp)
	sw	t0,	1924(sp)
	lw	t0,	1924(sp)
	sw	t0,	3124(sp)
	lw	t0,	3124(sp)
	sw	t0,	1204(sp)
	lw	t0,	1204(sp)
	sw	t0,	2904(sp)
	lw	t0,	2904(sp)
	sw	t0,	1996(sp)
	lw	t0,	1996(sp)
	sw	t0,	3180(sp)
	lw	t0,	3180(sp)
	sw	t0,	1668(sp)
	lw	t0,	1668(sp)
	sw	t0,	3028(sp)
	lw	t0,	3028(sp)
	sw	t0,	1984(sp)
	lw	t0,	1984(sp)
	sw	t0,	3440(sp)
	lw	t0,	3440(sp)
	sw	t0,	840(sp)
	lw	t0,	840(sp)
	sw	t0,	3476(sp)
	lw	t0,	3476(sp)
	sw	t0,	2352(sp)
	lw	t0,	2352(sp)
	sw	t0,	3216(sp)
	lw	t0,	3216(sp)
	sw	t0,	1420(sp)
	lw	t0,	1420(sp)
	sw	t0,	2472(sp)
	lw	t0,	2472(sp)
	sw	t0,	1932(sp)
	lw	t0,	1932(sp)
	sw	t0,	3432(sp)
	lw	t0,	3432(sp)
	sw	t0,	1236(sp)
	lw	t0,	1236(sp)
	sw	t0,	2740(sp)
	lw	t0,	2740(sp)
	sw	t0,	2372(sp)
	lw	t0,	2372(sp)
	sw	t0,	3148(sp)
	lw	t0,	3148(sp)
	sw	t0,	1508(sp)
	lw	t0,	1508(sp)
	sw	t0,	2964(sp)
	lw	t0,	2964(sp)
	sw	t0,	2244(sp)
	lw	t0,	2244(sp)
	sw	t0,	2496(sp)
	lw	t0,	2496(sp)
	sw	t0,	876(sp)
	lw	t0,	876(sp)
	sw	t0,	2624(sp)
	lw	t0,	2624(sp)
	sw	t0,	1912(sp)
	lw	t0,	1912(sp)
	sw	t0,	3276(sp)
	lw	t0,	3276(sp)
	sw	t0,	1472(sp)
	lw	t0,	1472(sp)
	sw	t0,	3332(sp)
	lw	t0,	3332(sp)
	sw	t0,	1884(sp)
	lw	t0,	1884(sp)
	sw	t0,	3568(sp)
	lw	t0,	3568(sp)
	sw	t0,	1076(sp)
	lw	t0,	1076(sp)
	sw	t0,	3420(sp)
	lw	t0,	3420(sp)
	sw	t0,	1968(sp)
	lw	t0,	1968(sp)
	sw	t0,	3032(sp)
	lw	t0,	3032(sp)
	sw	t0,	1724(sp)
	lw	t0,	1724(sp)
	sw	t0,	2756(sp)
	lw	t0,	2756(sp)
	sw	t0,	1864(sp)
	lw	t0,	1864(sp)
	sw	t0,	2656(sp)
	lw	t0,	2656(sp)
	sw	t0,	712(sp)
	lw	t0,	712(sp)
	sw	t0,	2884(sp)
	lw	t0,	2884(sp)
	sw	t0,	2008(sp)
	lw	t0,	2008(sp)
	sw	t0,	3092(sp)
	lw	t0,	3092(sp)
	sw	t0,	1536(sp)
	lw	t0,	1536(sp)
	sw	t0,	3140(sp)
	lw	t0,	3140(sp)
	sw	t0,	2068(sp)
	lw	t0,	2068(sp)
	sw	t0,	3288(sp)
	lw	t0,	3288(sp)
	sw	t0,	1064(sp)
	lw	t0,	1064(sp)
	sw	t0,	2788(sp)
	lw	t0,	2788(sp)
	sw	t0,	1940(sp)
	lw	t0,	1940(sp)
	sw	t0,	2984(sp)
	lw	t0,	2984(sp)
	sw	t0,	1732(sp)
	lw	t0,	1732(sp)
	sw	t0,	3020(sp)
	lw	t0,	3020(sp)
	sw	t0,	2220(sp)
	lw	t0,	2220(sp)
	sw	t0,	3524(sp)
	lw	t0,	3524(sp)
	sw	t0,	940(sp)
	lw	t0,	940(sp)
	sw	t0,	2892(sp)
	lw	t0,	2892(sp)
	sw	t0,	2280(sp)
	lw	t0,	2280(sp)
	sw	t0,	3612(sp)
	lw	t0,	3612(sp)
	sw	t0,	1560(sp)
	lw	t0,	1560(sp)
	sw	t0,	3556(sp)
	lw	t0,	3556(sp)
	sw	t0,	2404(sp)
	lw	t0,	2404(sp)
	sw	t0,	2644(sp)
	lw	t0,	2644(sp)
	sw	t0,	1276(sp)
	lw	t0,	1276(sp)
	sw	t0,	2512(sp)
	lw	t0,	2512(sp)
	sw	t0,	1928(sp)
	lw	t0,	1928(sp)
	sw	t0,	3324(sp)
	lw	t0,	3324(sp)
	sw	t0,	1600(sp)
	lw	t0,	1600(sp)
	sw	t0,	3496(sp)
	lw	t0,	3496(sp)
	sw	t0,	1848(sp)
	lw	t0,	1848(sp)
	sw	t0,	3260(sp)
	lw	t0,	3260(sp)
	sw	t0,	848(sp)
	lw	t0,	848(sp)
	sw	t0,	3300(sp)
	lw	t0,	3300(sp)
	sw	t0,	1900(sp)
	lw	t0,	1900(sp)
	sw	t0,	3648(sp)
	lw	t0,	3648(sp)
	sw	t0,	1792(sp)
	lw	t0,	1792(sp)
	sw	t0,	3548(sp)
	lw	t0,	3548(sp)
	sw	t0,	2100(sp)
	lw	t0,	2100(sp)
	sw	t0,	3072(sp)
	lw	t0,	3072(sp)
	sw	t0,	1080(sp)
	lw	t0,	1080(sp)
	sw	t0,	3400(sp)
	lw	t0,	3400(sp)
	sw	t0,	2248(sp)
	lw	t0,	2248(sp)
	sw	t0,	3452(sp)
	lw	t0,	3452(sp)
	sw	t0,	1808(sp)
	lw	t0,	1808(sp)
	sw	t0,	3316(sp)
	lw	t0,	3316(sp)
	sw	t0,	2364(sp)
	lw	t0,	2364(sp)
	sw	t0,	2996(sp)
	lw	t0,	2996(sp)
	sw	t0,	896(sp)
	lw	t0,	896(sp)
	sw	t0,	3376(sp)
	lw	t0,	3376(sp)
	sw	t0,	1920(sp)
	lw	t0,	1920(sp)
	sw	t0,	2916(sp)
	lw	t0,	2916(sp)
	sw	t0,	1544(sp)
	lw	t0,	1544(sp)
	sw	t0,	3224(sp)
	lw	t0,	3224(sp)
	sw	t0,	1836(sp)
	lw	t0,	1836(sp)
	sw	t0,	3188(sp)
	lw	t0,	3188(sp)
	sw	t0,	1116(sp)
	lw	t0,	1116(sp)
	sw	t0,	3364(sp)
	lw	t0,	3364(sp)
	sw	t0,	2236(sp)
	lw	t0,	2236(sp)
	sw	t0,	2936(sp)
	lw	t0,	2936(sp)
	sw	t0,	1764(sp)
	lw	t0,	1764(sp)
	sw	t0,	3624(sp)
	lw	t0,	3624(sp)
	sw	t0,	2096(sp)
	lw	t0,	2096(sp)
	sw	t0,	2612(sp)
	lw	t0,	2612(sp)
	sw	t0,	580(sp)
	lw	t0,	580(sp)
	sw	t0,	3508(sp)
	lw	t0,	3508(sp)
	sw	t0,	2176(sp)
	lw	t0,	2176(sp)
	sw	t0,	2900(sp)
	lw	t0,	2900(sp)
	sw	t0,	1424(sp)
	lw	t0,	1424(sp)
	sw	t0,	3516(sp)
	lw	t0,	3516(sp)
	sw	t0,	1852(sp)
	lw	t0,	1852(sp)
	sw	t0,	2732(sp)
	lw	t0,	2732(sp)
	sw	t0,	1260(sp)
	lw	t0,	1260(sp)
	sw	t0,	2652(sp)
	lw	t0,	2652(sp)
	sw	t0,	2124(sp)
	lw	t0,	2124(sp)
	sw	t0,	3168(sp)
	lw	t0,	3168(sp)
	sw	t0,	1484(sp)
	lw	t0,	1484(sp)
	sw	t0,	3416(sp)
	lw	t0,	3416(sp)
	sw	t0,	2104(sp)
	lw	t0,	2104(sp)
	sw	t0,	2664(sp)
	lw	t0,	2664(sp)
	sw	t0,	924(sp)
	lw	t0,	924(sp)
	sw	t0,	3240(sp)
	lw	t0,	3240(sp)
	sw	t0,	2000(sp)
	lw	t0,	2000(sp)
	sw	t0,	2912(sp)
	lw	t0,	2912(sp)
	sw	t0,	1464(sp)
	lw	t0,	1464(sp)
	sw	t0,	2872(sp)
	lw	t0,	2872(sp)
	sw	t0,	1828(sp)
	lw	t0,	1828(sp)
	sw	t0,	2456(sp)
	lw	t0,	2456(sp)
	sw	t0,	1264(sp)
	lw	t0,	1264(sp)
	sw	t0,	3620(sp)
	lw	t0,	3620(sp)
	sw	t0,	2312(sp)
	lw	t0,	2312(sp)
	sw	t0,	3360(sp)
	lw	t0,	3360(sp)
	sw	t0,	1416(sp)
	lw	t0,	1416(sp)
	sw	t0,	3412(sp)
	lw	t0,	3412(sp)
	sw	t0,	1908(sp)
	lw	t0,	1908(sp)
	sw	t0,	2728(sp)
	lw	t0,	2728(sp)
	sw	t0,	792(sp)
	lw	t0,	792(sp)
	sw	t0,	3564(sp)
	lw	t0,	3564(sp)
	sw	t0,	2268(sp)
	lw	t0,	2268(sp)
	sw	t0,	2776(sp)
	lw	t0,	2776(sp)
	sw	t0,	1456(sp)
	lw	t0,	1456(sp)
	sw	t0,	3344(sp)
	lw	t0,	3344(sp)
	sw	t0,	2064(sp)
	lw	t0,	2064(sp)
	sw	t0,	3048(sp)
	lw	t0,	3048(sp)
	sw	t0,	1124(sp)
	lw	t0,	1124(sp)
	sw	t0,	2480(sp)
	lw	t0,	2480(sp)
	sw	t0,	1964(sp)
	lw	t0,	1964(sp)
	sw	t0,	3024(sp)
	lw	t0,	3024(sp)
	sw	t0,	1644(sp)
	lw	t0,	1644(sp)
	sw	t0,	3668(sp)
	lw	t0,	3668(sp)
	sw	t0,	1892(sp)
	lw	t0,	1892(sp)
	sw	t0,	3220(sp)
	lw	t0,	3220(sp)
	sw	t0,	944(sp)
	lw	t0,	944(sp)
	sw	t0,	2468(sp)
	lw	t0,	2468(sp)
	sw	t0,	2120(sp)
	lw	t0,	2120(sp)
	sw	t0,	3144(sp)
	lw	t0,	3144(sp)
	sw	t0,	1588(sp)
	lw	t0,	1588(sp)
	sw	t0,	2908(sp)
	lw	t0,	2908(sp)
	sw	t0,	2024(sp)
	lw	t0,	2024(sp)
	sw	t0,	3644(sp)
	lw	t0,	3644(sp)
	sw	t0,	1364(sp)
	lw	t0,	1364(sp)
	sw	t0,	2832(sp)
	lw	t0,	2832(sp)
	sw	t0,	2080(sp)
	lw	t0,	2080(sp)
	sw	t0,	2592(sp)
	lw	t0,	2592(sp)
	sw	t0,	1720(sp)
	lw	t0,	1720(sp)
	sw	t0,	3056(sp)
	lw	t0,	3056(sp)
	sw	t0,	2332(sp)
	lw	t0,	2332(sp)
	sw	t0,	3228(sp)
	lw	t0,	3228(sp)
	sw	t0,	732(sp)
	lw	t0,	732(sp)
	sw	t0,	3112(sp)
	lw	t0,	3112(sp)
	sw	t0,	2388(sp)
	lw	t0,	2388(sp)
	sw	t0,	2748(sp)
	lw	t0,	2748(sp)
	sw	t0,	1452(sp)
	lw	t0,	1452(sp)
	sw	t0,	2712(sp)
	lw	t0,	2712(sp)
	sw	t0,	2028(sp)
	lw	t0,	2028(sp)
	sw	t0,	2768(sp)
	lw	t0,	2768(sp)
	sw	t0,	1348(sp)
	lw	t0,	1348(sp)
	sw	t0,	3656(sp)
	lw	t0,	3656(sp)
	sw	t0,	2076(sp)
	lw	t0,	2076(sp)
	sw	t0,	2752(sp)
	lw	t0,	2752(sp)
	sw	t0,	1780(sp)
	lw	t0,	1780(sp)
	sw	t0,	2568(sp)
	lw	t0,	2568(sp)
	sw	t0,	2016(sp)
	lw	t0,	2016(sp)
	sw	t0,	3264(sp)
	lw	t0,	3264(sp)
	sw	t0,	912(sp)
	lw	t0,	912(sp)
	sw	t0,	3472(sp)
	lw	t0,	3472(sp)
	sw	t0,	1972(sp)
	lw	t0,	1972(sp)
	sw	t0,	2492(sp)
	lw	t0,	2492(sp)
	sw	t0,	1748(sp)
	lw	t0,	1748(sp)
	sw	t0,	3208(sp)
	lw	t0,	3208(sp)
	sw	t0,	2324(sp)
	lw	t0,	2324(sp)
	sw	t0,	2888(sp)
	lw	t0,	2888(sp)
	sw	t0,	1044(sp)
	lw	t0,	1044(sp)
	sw	t0,	3544(sp)
	lw	t0,	3544(sp)
	sw	t0,	2380(sp)
	lw	t0,	2380(sp)
	sw	t0,	2960(sp)
	lw	t0,	2960(sp)
	sw	t0,	1624(sp)
	lw	t0,	1624(sp)
	sw	t0,	3536(sp)
	lw	t0,	3536(sp)
	sw	t0,	2132(sp)
	lw	t0,	2132(sp)
	sw	t0,	3096(sp)
	lw	t0,	3096(sp)
	sw	t0,	804(sp)
	lw	t0,	804(sp)
	sw	t0,	3436(sp)
	lw	t0,	3436(sp)
	sw	t0,	2408(sp)
	lw	t0,	2408(sp)
	sw	t0,	2476(sp)
	lw	t0,	2476(sp)
	sw	t0,	1540(sp)
	lw	t0,	1540(sp)
	sw	t0,	3272(sp)
	lw	t0,	3272(sp)
	sw	t0,	1872(sp)
	lw	t0,	1872(sp)
	sw	t0,	3628(sp)
	lw	t0,	3628(sp)
	sw	t0,	1200(sp)
	lw	t0,	1200(sp)
	sw	t0,	2848(sp)
	lw	t0,	2848(sp)
	sw	t0,	2108(sp)
	lw	t0,	2108(sp)
	sw	t0,	2520(sp)
	lw	t0,	2520(sp)
	sw	t0,	1816(sp)
	lw	t0,	1816(sp)
	sw	t0,	2880(sp)
	lw	t0,	2880(sp)
	sw	t0,	2148(sp)
	lw	t0,	2148(sp)
	sw	t0,	2676(sp)
	lw	t0,	2676(sp)
	sw	t0,	892(sp)
	lw	t0,	892(sp)
	sw	t0,	2852(sp)
	lw	t0,	2852(sp)
	sw	t0,	2384(sp)
	lw	t0,	2384(sp)
	sw	t0,	2824(sp)
	lw	t0,	2824(sp)
	sw	t0,	1632(sp)
	lw	t0,	1632(sp)
	sw	t0,	3084(sp)
	lw	t0,	3084(sp)
	sw	t0,	2288(sp)
	lw	t0,	2288(sp)
	sw	t0,	3528(sp)
	lw	t0,	3528(sp)
	sw	t0,	1372(sp)
	lw	t0,	1372(sp)
	sw	t0,	3136(sp)
	lw	t0,	3136(sp)
	sw	t0,	2412(sp)
	lw	t0,	2412(sp)
	sw	t0,	3312(sp)
	lw	t0,	3312(sp)
	sw	t0,	1440(sp)
	lw	t0,	1440(sp)
	sw	t0,	2992(sp)
	lw	t0,	2992(sp)
	sw	t0,	1876(sp)
	lw	t0,	1876(sp)
	sw	t0,	2556(sp)
	lw	t0,	2556(sp)
	sw	t0,	620(sp)
	lw	t0,	620(sp)
	sw	t0,	2516(sp)
	lw	t0,	2516(sp)
	sw	t0,	2336(sp)
	lw	t0,	2336(sp)
	sw	t0,	2464(sp)
	lw	t0,	2464(sp)
	sw	t0,	1528(sp)
	lw	t0,	1528(sp)
	sw	t0,	3152(sp)
	lw	t0,	3152(sp)
	sw	t0,	2256(sp)
	lw	t0,	2256(sp)
	sw	t0,	2784(sp)
	lw	t0,	2784(sp)
	sw	t0,	1240(sp)
	lw	t0,	1240(sp)
	sw	t0,	2680(sp)
	lw	t0,	2680(sp)
	sw	t0,	1860(sp)
	lw	t0,	1860(sp)
	sw	t0,	2700(sp)
	lw	t0,	2700(sp)
	sw	t0,	1744(sp)
	lw	t0,	1744(sp)
	sw	t0,	3468(sp)
	lw	t0,	3468(sp)
	sw	t0,	2144(sp)
	lw	t0,	2144(sp)
	sw	t0,	3408(sp)
	lw	t0,	3408(sp)
	sw	t0,	984(sp)
	lw	t0,	984(sp)
	sw	t0,	3588(sp)
	lw	t0,	3588(sp)
	sw	t0,	2196(sp)
	lw	t0,	2196(sp)
	sw	t0,	3576(sp)
	lw	t0,	3576(sp)
	sw	t0,	1812(sp)
	lw	t0,	1812(sp)
	sw	t0,	2876(sp)
	lw	t0,	2876(sp)
	sw	t0,	2276(sp)
	lw	t0,	2276(sp)
	sw	t0,	2504(sp)
	lw	t0,	2504(sp)
	sw	t0,	1184(sp)
	lw	t0,	1184(sp)
	sw	t0,	2696(sp)
	lw	t0,	2696(sp)
	sw	t0,	2284(sp)
	lw	t0,	2284(sp)
	sw	t0,	2588(sp)
	lw	t0,	2588(sp)
	sw	t0,	1652(sp)
	lw	t0,	1652(sp)
	sw	t0,	3004(sp)
	lw	t0,	3004(sp)
	sw	t0,	2136(sp)
	lw	t0,	2136(sp)
	sw	t0,	2828(sp)
	lw	t0,	2828(sp)
	sw	t0,	780(sp)
	lw	t0,	780(sp)
	sw	t0,	3104(sp)
	lw	t0,	3104(sp)
	sw	t0,	1904(sp)
	lw	t0,	1904(sp)
	sw	t0,	2692(sp)
	lw	t0,	2692(sp)
	sw	t0,	1672(sp)
	lw	t0,	1672(sp)
	sw	t0,	2532(sp)
	lw	t0,	2532(sp)
	sw	t0,	2116(sp)
	lw	t0,	2116(sp)
	sw	t0,	2808(sp)
	lw	t0,	2808(sp)
	sw	t0,	1052(sp)
	lw	t0,	1052(sp)
	sw	t0,	3232(sp)
	lw	t0,	3232(sp)
	sw	t0,	2112(sp)
	lw	t0,	2112(sp)
	sw	t0,	3160(sp)
	lw	t0,	3160(sp)
	sw	t0,	1804(sp)
	lw	t0,	1804(sp)
	sw	t0,	3016(sp)
	lw	t0,	3016(sp)
	sw	t0,	2400(sp)
	lw	t0,	2400(sp)
	sw	t0,	2580(sp)
	lw	t0,	2580(sp)
	sw	t0,	992(sp)
	lw	t0,	992(sp)
	sw	t0,	3616(sp)
	lw	t0,	3616(sp)
	sw	t0,	2428(sp)
	lw	t0,	2428(sp)
	sw	t0,	2928(sp)
	lw	t0,	2928(sp)
	sw	t0,	1500(sp)
	lw	t0,	1500(sp)
	sw	t0,	3000(sp)
	lw	t0,	3000(sp)
	sw	t0,	2392(sp)
	lw	t0,	2392(sp)
	sw	t0,	3036(sp)
	lw	t0,	3036(sp)
	sw	t0,	1144(sp)
	lw	t0,	1144(sp)
	sw	t0,	2856(sp)
	lw	t0,	2856(sp)
	sw	t0,	2340(sp)
	lw	t0,	2340(sp)
	sw	t0,	3244(sp)
	lw	t0,	3244(sp)
	sw	t0,	1628(sp)
	lw	t0,	1628(sp)
	sw	t0,	3156(sp)
	lw	t0,	3156(sp)
	sw	t0,	1944(sp)
	lw	t0,	1944(sp)
	sw	t0,	3268(sp)
	lw	t0,	3268(sp)
	sw	t0,	744(sp)
	lw	t0,	744(sp)
	sw	t0,	3488(sp)
	lw	t0,	3488(sp)
	sw	t0,	2192(sp)
	lw	t0,	2192(sp)
	sw	t0,	2800(sp)
	lw	t0,	2800(sp)
	sw	t0,	1708(sp)
	lw	t0,	1708(sp)
	sw	t0,	2596(sp)
	lw	t0,	2596(sp)
	sw	t0,	2320(sp)
	lw	t0,	2320(sp)
	sw	t0,	3572(sp)
	lw	t0,	3572(sp)
	sw	t0,	1108(sp)
	lw	t0,	1108(sp)
	sw	t0,	2636(sp)
	lw	t0,	2636(sp)
	sw	t0,	2200(sp)
	lw	t0,	2200(sp)
	sw	t0,	2816(sp)
	lw	t0,	2816(sp)
	sw	t0,	1768(sp)
	lw	t0,	1768(sp)
	sw	t0,	3388(sp)
	lw	t0,	3388(sp)
	sw	t0,	1868(sp)
	lw	t0,	1868(sp)
	sw	t0,	2552(sp)
	lw	t0,	2552(sp)
	sw	t0,	864(sp)
	lw	t0,	864(sp)
	sw	t0,	3352(sp)
	lw	t0,	3352(sp)
	sw	t0,	1988(sp)
	lw	t0,	1988(sp)
	sw	t0,	3460(sp)
	lw	t0,	3460(sp)
	sw	t0,	1576(sp)
	lw	t0,	1576(sp)
	sw	t0,	2980(sp)
	lw	t0,	2980(sp)
	sw	t0,	2344(sp)
	lw	t0,	2344(sp)
	sw	t0,	3120(sp)
	lw	t0,	3120(sp)
	sw	t0,	1360(sp)
	lw	t0,	1360(sp)
	sw	t0,	2648(sp)
	lw	t0,	2648(sp)
	sw	t0,	2420(sp)
	lw	t0,	2420(sp)
	sw	t0,	2632(sp)
	lw	t0,	2632(sp)
	sw	t0,	1468(sp)
	lw	t0,	1468(sp)
	sw	t0,	3200(sp)
	lw	t0,	3200(sp)
	sw	t0,	2252(sp)
	lw	t0,	2252(sp)
	sw	t0,	3600(sp)
	lw	t0,	3600(sp)
	sw	t0,	844(sp)
	lw	t0,	844(sp)
	sw	t0,	3192(sp)
	lw	t0,	3192(sp)
	sw	t0,	2092(sp)
	lw	t0,	2092(sp)
	sw	t0,	3428(sp)
	lw	t0,	3428(sp)
	sw	t0,	1428(sp)
	lw	t0,	1428(sp)
	sw	t0,	2528(sp)
	lw	t0,	2528(sp)
	sw	t0,	2060(sp)
	lw	t0,	2060(sp)
	sw	t0,	3304(sp)
	lw	t0,	3304(sp)
	sw	t0,	1132(sp)
	lw	t0,	1132(sp)
	sw	t0,	2720(sp)
	lw	t0,	2720(sp)
	sw	t0,	2328(sp)
	lw	t0,	2328(sp)
	sw	t0,	3320(sp)
	lw	t0,	3320(sp)
	sw	t0,	1596(sp)
	lw	t0,	1596(sp)
	sw	t0,	2524(sp)
	lw	t0,	2524(sp)
	sw	t0,	1976(sp)
	lw	t0,	1976(sp)
	sw	t0,	3132(sp)
	lw	t0,	3132(sp)
	sw	t0,	976(sp)
	lw	t0,	976(sp)
	sw	t0,	3480(sp)
	lw	t0,	3480(sp)
	sw	t0,	2056(sp)
	lw	t0,	2056(sp)
	sw	t0,	2548(sp)
	lw	t0,	2548(sp)
	sw	t0,	1584(sp)
	lw	t0,	1584(sp)
	sw	t0,	2500(sp)
	lw	t0,	2500(sp)
	sw	t0,	2152(sp)
	lw	t0,	2152(sp)
	sw	t0,	2764(sp)
	lw	t0,	2764(sp)
	sw	t0,	1324(sp)
	lw	t0,	1324(sp)
	sw	t0,	3292(sp)
	lw	t0,	3292(sp)
	sw	t0,	1952(sp)
	lw	t0,	1952(sp)
	sw	t0,	3172(sp)
	lw	t0,	3172(sp)
	sw	t0,	1736(sp)
	lw	t0,	1736(sp)
	sw	t0,	3456(sp)
	lw	t0,	3456(sp)
	sw	t0,	2128(sp)
	lw	t0,	2128(sp)
	sw	t0,	3044(sp)
	lw	t0,	3044(sp)
	sw	t0,	0(t1)
	lw	t0,	268(sp)
	sw	t0,	400(sp)
	lw	t0,	324(sp)
	sw	t0,	456(sp)
	lw	t0,	400(sp)
	sw	t0,	736(sp)
	lw	t0,	456(sp)
	sw	t0,	680(sp)
	lw	t0,	680(sp)
	sw	t0,	596(sp)
	lw	t0,	596(sp)
	sw	t0,	672(sp)
	lw	t0,	672(sp)
	sw	t0,	532(sp)
	lw	t0,	532(sp)
	sw	t0,	684(sp)
	lw	t0,	684(sp)
	sw	t0,	584(sp)
	lw	t0,	584(sp)
	sw	t0,	704(sp)
	lw	t0,	704(sp)
	sw	t0,	508(sp)
	lw	t0,	508(sp)
	sw	t0,	652(sp)
	lw	t0,	652(sp)
	sw	t0,	568(sp)
	lw	t0,	568(sp)
	sw	t0,	660(sp)
	lw	t0,	660(sp)
	sw	t0,	520(sp)
	lw	t0,	520(sp)
	sw	t0,	696(sp)
	lw	t0,	696(sp)
	sw	t0,	604(sp)
	lw	t0,	604(sp)
	sw	t0,	700(sp)
	lw	t0,	700(sp)
	sw	t0,	476(sp)
	lw	t0,	476(sp)
	sw	t0,	656(sp)
	lw	t0,	656(sp)
	sw	t0,	564(sp)
	lw	t0,	564(sp)
	sw	t0,	648(sp)
	lw	t0,	648(sp)
	sw	t0,	548(sp)
	lw	t0,	548(sp)
	sw	t0,	640(sp)
	lw	t0,	640(sp)
	sw	t0,	588(sp)
	lw	t0,	588(sp)
	sw	t0,	688(sp)
	lw	t0,	688(sp)
	sw	t0,	492(sp)
	lw	t0,	492(sp)
	sw	t0,	636(sp)
	lw	t0,	636(sp)
	sw	t0,	600(sp)
	lw	t0,	600(sp)
	sw	t0,	616(sp)
	lw	t0,	616(sp)
	sw	t0,	528(sp)
	lw	t0,	528(sp)
	sw	t0,	664(sp)
	lw	t0,	664(sp)
	sw	t0,	592(sp)
	lw	t0,	592(sp)
	sw	t0,	624(sp)
	lw	t0,	624(sp)
	sw	t0,	788(sp)
	lw	t0,	736(sp)
	sw	t0,	996(sp)
	lw	t0,	788(sp)
	sw	t0,	2300(sp)
	lw	t0,	996(sp)
	sw	t0,	1636(sp)
	lw	t0,	1636(sp)
	sw	t0,	1188(sp)
	lw	t0,	1188(sp)
	sw	t0,	1384(sp)
	lw	t0,	1384(sp)
	sw	t0,	2560(sp)
	lw	t0,	2300(sp)
	lw	t1,	2560(sp)
	sw	t0,	0(t1)
	lw	t0,	240(sp)
	sw	t0,	404(sp)
	lw	t0,	248(sp)
	sw	t0,	468(sp)
	lw	t0,	404(sp)
	sw	t0,	436(sp)
	lw	t0,	436(sp)
	sw	t0,	576(sp)
	lw	t0,	468(sp)
	sw	t0,	516(sp)
	lw	t0,	516(sp)
	sw	t0,	484(sp)
	lw	t0,	484(sp)
	sw	t0,	524(sp)
	lw	t0,	524(sp)
	sw	t0,	2440(sp)
	lw	t0,	576(sp)
	sw	t0,	1548(sp)
	lw	t0,	1548(sp)
	sw	t0,	1296(sp)
	lw	t0,	1296(sp)
	sw	t0,	1756(sp)
	lw	t0,	1756(sp)
	sw	t0,	952(sp)
	lw	t0,	952(sp)
	sw	t0,	1492(sp)
	lw	t0,	1492(sp)
	sw	t0,	1088(sp)
	lw	t0,	1088(sp)
	sw	t0,	1712(sp)
	lw	t0,	1712(sp)
	sw	t0,	772(sp)
	lw	t0,	772(sp)
	sw	t0,	1392(sp)
	lw	t0,	1392(sp)
	sw	t0,	1232(sp)
	lw	t0,	1232(sp)
	sw	t0,	1488(sp)
	lw	t0,	1488(sp)
	sw	t0,	880(sp)
	lw	t0,	880(sp)
	sw	t0,	1572(sp)
	lw	t0,	1572(sp)
	sw	t0,	1356(sp)
	lw	t0,	1356(sp)
	sw	t0,	1516(sp)
	lw	t0,	1516(sp)
	sw	t0,	748(sp)
	lw	t0,	748(sp)
	sw	t0,	1436(sp)
	lw	t0,	1436(sp)
	sw	t0,	1172(sp)
	lw	t0,	1172(sp)
	sw	t0,	1728(sp)
	lw	t0,	1728(sp)
	sw	t0,	948(sp)
	lw	t0,	948(sp)
	sw	t0,	1680(sp)
	lw	t0,	1680(sp)
	sw	t0,	1196(sp)
	lw	t0,	1196(sp)
	sw	t0,	1640(sp)
	lw	t0,	1640(sp)
	sw	t0,	768(sp)
	lw	t0,	768(sp)
	sw	t0,	1800(sp)
	lw	t0,	1800(sp)
	sw	t0,	1216(sp)
	lw	t0,	1216(sp)
	sw	t0,	1740(sp)
	lw	t0,	1740(sp)
	sw	t0,	928(sp)
	lw	t0,	928(sp)
	sw	t0,	1556(sp)
	lw	t0,	1556(sp)
	sw	t0,	1096(sp)
	lw	t0,	1096(sp)
	sw	t0,	1380(sp)
	lw	t0,	1380(sp)
	sw	t0,	628(sp)
	lw	t0,	628(sp)
	sw	t0,	1716(sp)
	lw	t0,	1716(sp)
	sw	t0,	1252(sp)
	lw	t0,	1252(sp)
	sw	t0,	1820(sp)
	lw	t0,	1820(sp)
	sw	t0,	1008(sp)
	lw	t0,	1008(sp)
	sw	t0,	1412(sp)
	lw	t0,	1412(sp)
	sw	t0,	1168(sp)
	lw	t0,	1168(sp)
	sw	t0,	1512(sp)
	lw	t0,	1512(sp)
	sw	t0,	832(sp)
	lw	t0,	832(sp)
	sw	t0,	1648(sp)
	lw	t0,	1648(sp)
	sw	t0,	1292(sp)
	lw	t0,	1292(sp)
	sw	t0,	1788(sp)
	lw	t0,	1788(sp)
	sw	t0,	916(sp)
	lw	t0,	916(sp)
	sw	t0,	1496(sp)
	lw	t0,	1496(sp)
	sw	t0,	1084(sp)
	lw	t0,	1084(sp)
	sw	t0,	1688(sp)
	lw	t0,	1688(sp)
	sw	t0,	724(sp)
	lw	t0,	724(sp)
	sw	t0,	1608(sp)
	lw	t0,	1608(sp)
	sw	t0,	1192(sp)
	lw	t0,	1192(sp)
	sw	t0,	1604(sp)
	lw	t0,	1604(sp)
	sw	t0,	1004(sp)
	lw	t0,	1004(sp)
	sw	t0,	1772(sp)
	lw	t0,	1772(sp)
	sw	t0,	1280(sp)
	lw	t0,	1280(sp)
	sw	t0,	1760(sp)
	lw	t0,	1760(sp)
	sw	t0,	796(sp)
	lw	t0,	796(sp)
	sw	t0,	1564(sp)
	lw	t0,	1564(sp)
	sw	t0,	1120(sp)
	lw	t0,	1120(sp)
	sw	t0,	1504(sp)
	lw	t0,	1504(sp)
	sw	t0,	860(sp)
	lw	t0,	860(sp)
	sw	t0,	1616(sp)
	lw	t0,	1616(sp)
	sw	t0,	1336(sp)
	lw	t0,	1336(sp)
	sw	t0,	1552(sp)
	lw	t0,	1552(sp)
	sw	t0,	3296(sp)
	lw	t1,	2440(sp)
	lw	t0,	3296(sp)
	sw	t1,	0(t0)
	lw	t0,	292(sp)
	sw	s10,	0(t0)
	lw	t0,	228(sp)
	lw	t1,	352(sp)
	sw	t0,	0(t1)
	lw	t0,	396(sp)
	sw	t0,	0(s1)
	lw	t0,	300(sp)
	sw	s9,	0(t0)
	lw	t0,	340(sp)
	sw	a7,	0(t0)
	sw	s4,	0(a3)
	lw	t0,	3676(sp)
	sw	s2,	0(t0)
	lw	t0,	316(sp)
	sw	t4,	0(t0)
	lw	t1,	304(sp)
	lw	t0,	384(sp)
	sw	t1,	0(t0)
	sw	s6,	0(a4)
	lw	t1,	312(sp)
	lw	t0,	364(sp)
	sw	t0,	0(t1)
	lw	t0,	264(sp)
	sw	s7,	0(t0)
	sw	a6,	0(a2)
	lw	t0,	320(sp)
	lw	t1,	388(sp)
	sw	t0,	0(t1)
	sw	s8,	0(a0)
	lw	t0,	344(sp)
	sw	t5,	0(t0)
	lw	t0,	336(sp)
	sw	s5,	0(t0)
	lw	t0,	284(sp)
	sw	a5,	0(t0)
	lw	t0,	272(sp)
	lw	t1,	376(sp)
	sw	t1,	0(t0)
	lw	t1,	260(sp)
	lw	t0,	332(sp)
	sw	t1,	0(t0)
	lw	t0,	348(sp)
	sw	t0,	0(s0)
	sw	s3,	0(t6)
	sw	t3,	0(a1)
	lw	t1,	252(sp)
	lw	t0,	360(sp)
	sw	t0,	0(t1)
	lw	t0,	308(sp)
	lw	t1,	380(sp)
	sw	t1,	0(t0)
	lw	t0,	356(sp)
	sw	s11,	0(t0)
	lw	t0,	340(sp)
	lw	t0,	0(t0)
	xori	t0,	t0,	0
	sltu	t0,	zero,	t0
	xori	t0,	t0,	1
	bnez	t0,	param32_rec_blk_1
	j	param32_rec_blk_2
param32_rec_blk_1:
	lw	t0,	344(sp)
	lw	t0,	0(t0)
	lw	t1,	256(sp)
	sw	t0,	0(t1)
	j	param32_rec_blk_4
param32_rec_blk_2:
	lw	t0,	340(sp)
	lw	t1,	0(t0)
	li	t0,	1
	sub	a5,	t1,	t0
	lw	t0,	344(sp)
	lw	t1,	0(t0)
	lw	t0,	240(sp)
	lw	t0,	0(t0)
	add	t0,	t1,	t0
	li	t1,	998244353
	rem	s2,	t0,	t1
	lw	a6,	0(a2)
	lw	t0,	276(sp)
	lw	s3,	0(t0)
	lw	t0,	284(sp)
	lw	a7,	0(t0)
	lw	t0,	384(sp)
	lw	t0,	0(t0)
	lw	t1,	244(sp)
	lw	s4,	0(t1)
	lw	t1,	316(sp)
	lw	a2,	0(t1)
	lw	a4,	0(a4)
	lw	s5,	0(s0)
	lw	t1,	264(sp)
	lw	s6,	0(t1)
	lw	t1,	308(sp)
	lw	s7,	0(t1)
	lw	s8,	0(a0)
	lw	t1,	336(sp)
	lw	a0,	0(t1)
	lw	s9,	0(t2)
	lw	t1,	268(sp)
	lw	s10,	0(t1)
	lw	t1,	356(sp)
	lw	s11,	0(t1)
	lw	t1,	332(sp)
	lw	t2,	0(t1)
	lw	t1,	300(sp)
	lw	t1,	0(t1)
	lw	a3,	0(a3)
	lw	s0,	3676(sp)
	lw	s0,	0(s0)
	sw	s0,	280(sp)
	lw	s1,	0(s1)
	lw	s0,	0(a1)
	sw	s0,	296(sp)
	lw	s0,	252(sp)
	lw	t4,	0(s0)
	lw	t5,	0(t6)
	lw	s0,	312(sp)
	lw	s0,	0(s0)
	sw	s0,	412(sp)
	lw	s0,	292(sp)
	lw	t6,	0(s0)
	lw	s0,	388(sp)
	lw	a1,	0(s0)
	lw	s0,	352(sp)
	lw	s0,	0(s0)
	lw	t3,	392(sp)
	lw	t3,	0(t3)
	sw	t3,	236(sp)
	lw	t3,	272(sp)
	lw	t3,	0(t3)
	sw	t3,	372(sp)
	mv	a0,	a5
	mv	a1,	s2
	mv	a2,	a6
	mv	a3,	s3
	mv	a4,	a7
	mv	a5,	t0
	mv	a6,	s4
	mv	a7,	a2
	sw	a4,	0(sp)
	sw	s5,	4(sp)
	sw	s6,	8(sp)
	sw	s7,	12(sp)
	sw	s8,	16(sp)
	sw	a0,	20(sp)
	sw	s9,	24(sp)
	sw	s10,	28(sp)
	sw	s11,	32(sp)
	sw	t2,	36(sp)
	sw	t1,	40(sp)
	sw	a3,	44(sp)
	lw	t0,	280(sp)
	sw	t0,	48(sp)
	sw	s1,	52(sp)
	lw	t0,	296(sp)
	sw	t0,	56(sp)
	sw	t4,	60(sp)
	sw	t5,	64(sp)
	lw	t0,	412(sp)
	sw	t0,	68(sp)
	sw	t6,	72(sp)
	sw	a1,	76(sp)
	sw	s0,	80(sp)
	lw	t0,	236(sp)
	sw	t0,	84(sp)
	lw	t0,	372(sp)
	sw	t0,	88(sp)
	li	t0,	0
	sw	t0,	92(sp)
	call	param32_rec
	mv	t0,	a0
	lw	t1,	256(sp)
	sw	t0,	0(t1)
	j	param32_rec_blk_4
param32_rec_blk_4:
	lw	t0,	256(sp)
	lw	t0,	0(t0)
	mv	a0,	t0
	lw	s2,	3680(sp)
	lw	s3,	3684(sp)
	lw	s4,	3688(sp)
	lw	s5,	3692(sp)
	lw	s6,	3696(sp)
	lw	s7,	3700(sp)
	lw	s8,	3704(sp)
	lw	s0,	3708(sp)
	lw	s9,	3712(sp)
	lw	s1,	3716(sp)
	lw	s10,	3720(sp)
	lw	s11,	3724(sp)
	li	t0,	3728
	add	t0,	sp,	t0
	ld	ra,	0(t0)
	li	t0,	3736
	add	sp,	sp,	t0
	ret
.section	.text
.align	1
param16:
param16_blk_0:
	addi	sp,	sp,	-368
	sd	ra,	360(sp)
	sw	s11,	352(sp)
	sw	s10,	348(sp)
	sw	s1,	344(sp)
	sw	s9,	340(sp)
	sw	s0,	336(sp)
	sw	s8,	332(sp)
	sw	s7,	328(sp)
	sw	s6,	324(sp)
	sw	s5,	320(sp)
	sw	s4,	316(sp)
	sw	s3,	312(sp)
	sw	s2,	308(sp)
	lw	s9,	268(sp)
	lw	s2,	264(sp)
	lw	s3,	260(sp)
	lw	s4,	256(sp)
	lw	s5,	252(sp)
	lw	s6,	248(sp)
	lw	t0,	244(sp)
	sw	t0,	268(sp)
	lw	s8,	240(sp)
	mv	t0,	a7
	sw	t0,	256(sp)
	mv	s10,	a6
	mv	t3,	a5
	mv	s11,	a4
	mv	t4,	a3
	mv	t5,	a2
	mv	s1,	a1
	mv	t6,	a0
	addi	a0,	sp,	96
	addi	t0,	sp,	100
	sw	t0,	240(sp)
	addi	a2,	sp,	104
	addi	t2,	sp,	108
	addi	a1,	sp,	112
	addi	t0,	sp,	116
	sw	t0,	236(sp)
	addi	t0,	sp,	120
	sw	t0,	244(sp)
	addi	t0,	sp,	124
	sw	t0,	272(sp)
	addi	a6,	sp,	128
	addi	a5,	sp,	132
	addi	t0,	sp,	136
	addi	t1,	sp,	140
	sw	t1,	228(sp)
	addi	a3,	sp,	144
	addi	t1,	sp,	148
	sw	t1,	276(sp)
	addi	a4,	sp,	152
	addi	a7,	sp,	156
	addi	s7,	sp,	160
	addi	s0,	sp,	164
	li	t1,	0
	sw	t1,	0(a0)
	lw	t1,	240(sp)
	sw	t5,	0(t1)
	sw	t4,	0(a2)
	lw	t1,	256(sp)
	sw	t1,	0(t2)
	lw	t1,	268(sp)
	sw	t1,	0(a1)
	lw	t1,	236(sp)
	sw	s9,	0(t1)
	lw	t1,	244(sp)
	sw	s1,	0(t1)
	lw	t1,	272(sp)
	sw	s2,	0(t1)
	sw	s5,	0(a6)
	sw	s6,	0(a5)
	sw	t3,	0(t0)
	lw	t1,	228(sp)
	sw	t6,	0(t1)
	sw	s11,	0(a3)
	lw	t1,	276(sp)
	sw	s10,	0(t1)
	sw	s4,	0(a4)
	sw	s3,	0(a7)
	sw	s8,	0(s7)
	mv	t1,	s0
	mv	t1,	t1
	mv	a0,	t1
	li	a1,	0
	li	a2,	64
	sw	a0,	296(sp)
	call	memset
	lw	a0,	296(sp)
	mv	s1,	s0
	lw	t1,	228(sp)
	lw	t1,	0(t1)
	sw	t1,	0(s1)
	mv	s1,	s0
	addi	s1,	s1,	4
	lw	t1,	244(sp)
	lw	t1,	0(t1)
	sw	t1,	0(s1)
	mv	s1,	s0
	addi	s1,	s1,	8
	lw	t1,	240(sp)
	lw	t1,	0(t1)
	sw	t1,	0(s1)
	mv	t1,	s0
	addi	t1,	t1,	12
	lw	s1,	0(a2)
	sw	s1,	0(t1)
	mv	s1,	s0
	addi	s1,	s1,	16
	lw	t1,	0(a3)
	sw	t1,	0(s1)
	mv	t1,	s0
	addi	t1,	t1,	20
	lw	s1,	0(t0)
	sw	s1,	0(t1)
	mv	s1,	s0
	addi	s1,	s1,	24
	lw	t1,	276(sp)
	lw	t1,	0(t1)
	sw	t1,	0(s1)
	mv	t1,	s0
	addi	t1,	t1,	28
	lw	s1,	0(t2)
	sw	s1,	0(t1)
	mv	s1,	s0
	addi	s1,	s1,	32
	lw	t1,	0(s7)
	sw	t1,	0(s1)
	mv	s1,	s0
	addi	s1,	s1,	36
	lw	t1,	0(a1)
	sw	t1,	0(s1)
	mv	s1,	s0
	addi	s1,	s1,	40
	lw	t1,	0(a5)
	sw	t1,	0(s1)
	mv	s1,	s0
	addi	s1,	s1,	44
	lw	t1,	0(a6)
	sw	t1,	0(s1)
	mv	t1,	s0
	addi	t1,	t1,	48
	lw	s1,	0(a4)
	sw	s1,	0(t1)
	mv	t1,	s0
	addi	t1,	t1,	52
	lw	s1,	0(a7)
	sw	s1,	0(t1)
	mv	t1,	s0
	addi	t1,	t1,	56
	lw	s1,	272(sp)
	lw	s1,	0(s1)
	sw	s1,	0(t1)
	mv	t1,	s0
	addi	t1,	t1,	60
	lw	s1,	236(sp)
	lw	s1,	0(s1)
	sw	s1,	0(t1)
	mv	t1,	s0
	mv	t1,	t1
	mv	a0,	t1
	li	a1,	16
	sw	a0,	300(sp)
	call	sort
	lw	a0,	300(sp)
	mv	t1,	s0
	lw	s9,	0(t1)
	mv	t1,	s0
	addi	t1,	t1,	4
	lw	s4,	0(t1)
	mv	t1,	s0
	addi	t1,	t1,	8
	lw	s10,	0(t1)
	mv	t1,	s0
	addi	t1,	t1,	12
	lw	s11,	0(t1)
	mv	t1,	s0
	addi	t1,	t1,	16
	lw	s2,	0(t1)
	mv	t1,	s0
	addi	t1,	t1,	20
	lw	s8,	0(t1)
	mv	t1,	s0
	addi	t1,	t1,	24
	lw	t3,	0(t1)
	mv	t1,	s0
	addi	t1,	t1,	28
	lw	s6,	0(t1)
	mv	t1,	s0
	addi	t1,	t1,	32
	lw	s5,	0(t1)
	mv	t1,	s0
	addi	t1,	t1,	36
	lw	s1,	0(t1)
	mv	t1,	s0
	addi	t1,	t1,	40
	lw	t1,	0(t1)
	sw	t1,	232(sp)
	mv	t1,	s0
	addi	t1,	t1,	44
	lw	t1,	0(t1)
	sw	t1,	260(sp)
	mv	t1,	s0
	addi	t1,	t1,	48
	lw	t1,	0(t1)
	sw	t1,	284(sp)
	mv	t1,	s0
	addi	t1,	t1,	52
	lw	t5,	0(t1)
	mv	t1,	s0
	addi	t1,	t1,	56
	lw	s3,	0(t1)
	mv	t1,	s0
	addi	t1,	t1,	60
	lw	t1,	0(t1)
	sw	t1,	292(sp)
	lw	t1,	228(sp)
	lw	t4,	0(t1)
	lw	t1,	244(sp)
	lw	s0,	0(t1)
	lw	t1,	240(sp)
	lw	t1,	0(t1)
	sw	t1,	252(sp)
	lw	a2,	0(a2)
	lw	a3,	0(a3)
	lw	t0,	0(t0)
	sw	t0,	288(sp)
	lw	t0,	276(sp)
	lw	t0,	0(t0)
	sw	t0,	248(sp)
	lw	t6,	0(t2)
	lw	t0,	0(s7)
	sw	t0,	264(sp)
	lw	t1,	0(a1)
	lw	s7,	0(a5)
	lw	a5,	0(a6)
	lw	t0,	0(a4)
	lw	a4,	0(a7)
	lw	t2,	272(sp)
	lw	a1,	0(t2)
	lw	t2,	236(sp)
	lw	t2,	0(t2)
	sw	t2,	280(sp)
	mv	a0,	s9
	mv	a1,	s4
	mv	a2,	s10
	mv	a3,	s11
	mv	a4,	s2
	mv	a5,	s8
	mv	a6,	t3
	mv	a7,	s6
	sw	s5,	0(sp)
	sw	s1,	4(sp)
	lw	t2,	232(sp)
	sw	t2,	8(sp)
	lw	t2,	260(sp)
	sw	t2,	12(sp)
	lw	t2,	284(sp)
	sw	t2,	16(sp)
	sw	t5,	20(sp)
	sw	s3,	24(sp)
	lw	t2,	292(sp)
	sw	t2,	28(sp)
	sw	t4,	32(sp)
	sw	s0,	36(sp)
	lw	t2,	252(sp)
	sw	t2,	40(sp)
	sw	a2,	44(sp)
	sw	a3,	48(sp)
	lw	t2,	288(sp)
	sw	t2,	52(sp)
	lw	t2,	248(sp)
	sw	t2,	56(sp)
	sw	t6,	60(sp)
	lw	t2,	264(sp)
	sw	t2,	64(sp)
	sw	t1,	68(sp)
	sw	s7,	72(sp)
	sw	a5,	76(sp)
	sw	t0,	80(sp)
	sw	a4,	84(sp)
	sw	a1,	88(sp)
	lw	t0,	280(sp)
	sw	t0,	92(sp)
	sw	a0,	304(sp)
	call	param32_rec
	lw	a0,	304(sp)
	mv	t0,	a0
	sw	t0,	0(a0)
	j	param16_blk_1
param16_blk_1:
	lw	t0,	0(a0)
	mv	a0,	t0
	lw	s2,	308(sp)
	lw	s3,	312(sp)
	lw	s4,	316(sp)
	lw	s5,	320(sp)
	lw	s6,	324(sp)
	lw	s7,	328(sp)
	lw	s8,	332(sp)
	lw	s0,	336(sp)
	lw	s9,	340(sp)
	lw	s1,	344(sp)
	lw	s10,	348(sp)
	lw	s11,	352(sp)
	ld	ra,	360(sp)
	addi	sp,	sp,	368
	ret
.section	.text
.align	1
param32_arr:
param32_arr_blk_0:
	addi	sp,	sp,	-296
	sd	ra,	288(sp)
	sw	s11,	284(sp)
	sw	s10,	280(sp)
	sw	s1,	276(sp)
	sw	s9,	272(sp)
	sw	s0,	268(sp)
	sw	s8,	264(sp)
	sw	s7,	260(sp)
	sw	s6,	256(sp)
	sw	s5,	252(sp)
	sw	s4,	248(sp)
	sw	s3,	244(sp)
	sw	s2,	240(sp)
	ld	s8,	72(sp)
	ld	t0,	64(sp)
	sw	t0,	-68(sp)
	ld	t0,	56(sp)
	sw	t0,	-36(sp)
	ld	t0,	48(sp)
	sw	t0,	-100(sp)
	ld	s9,	40(sp)
	ld	t1,	32(sp)
	ld	t0,	24(sp)
	sw	t0,	0(sp)
	ld	t0,	16(sp)
	sw	t0,	-120(sp)
	ld	t0,	8(sp)
	sw	t0,	-88(sp)
	ld	s11,	0(sp)
	ld	s4,	-8(sp)
	ld	s1,	-16(sp)
	ld	s5,	-24(sp)
	ld	t0,	-32(sp)
	sw	t0,	-116(sp)
	ld	s3,	-40(sp)
	ld	t0,	-48(sp)
	sw	t0,	-8(sp)
	ld	s7,	-56(sp)
	ld	s2,	-64(sp)
	ld	s6,	-72(sp)
	ld	t0,	-80(sp)
	sw	t0,	-84(sp)
	ld	s10,	-88(sp)
	ld	t0,	-96(sp)
	sw	t0,	-96(sp)
	ld	t0,	-104(sp)
	sw	t0,	-112(sp)
	ld	t0,	-112(sp)
	sw	t0,	8(sp)
	mv	a7,	a7
	mv	t0,	a6
	sw	t0,	-48(sp)
	mv	t0,	a5
	sw	t0,	-76(sp)
	mv	t0,	a4
	sw	t0,	-108(sp)
	mv	t0,	a3
	sw	t0,	-64(sp)
	mv	t0,	a2
	sw	t0,	-56(sp)
	mv	t0,	a1
	sw	t0,	12(sp)
	mv	t0,	a0
	sw	t0,	4(sp)
	addi	t0,	sp,	0
	sw	t0,	-80(sp)
	addi	s0,	sp,	4
	addi	t0,	sp,	0
	sw	t0,	-24(sp)
	addi	t0,	sp,	-4
	sw	t0,	-52(sp)
	addi	t0,	sp,	-8
	sw	t0,	28(sp)
	addi	t0,	sp,	-12
	sw	t0,	-28(sp)
	addi	a6,	sp,	-16
	addi	t0,	sp,	-20
	sw	t0,	-72(sp)
	addi	t0,	sp,	-24
	sw	t0,	36(sp)
	addi	t6,	sp,	-28
	addi	t0,	sp,	-32
	sw	t0,	-16(sp)
	addi	t0,	sp,	-36
	sw	t0,	-44(sp)
	addi	a3,	sp,	-40
	addi	t5,	sp,	-44
	addi	t0,	sp,	-48
	sw	t0,	-12(sp)
	addi	t0,	sp,	-52
	sw	t0,	-60(sp)
	addi	a4,	sp,	-56
	addi	t0,	sp,	-60
	sw	t0,	16(sp)
	addi	a5,	sp,	-64
	addi	t0,	sp,	-68
	sw	t0,	236(sp)
	addi	t0,	sp,	-72
	sw	t0,	-92(sp)
	addi	a1,	sp,	-76
	addi	t0,	sp,	-80
	sw	t0,	24(sp)
	addi	t0,	sp,	-84
	sw	t0,	-104(sp)
	addi	t0,	sp,	-88
	sw	t0,	-20(sp)
	addi	t3,	sp,	-92
	addi	t0,	sp,	-96
	sw	t0,	20(sp)
	addi	t4,	sp,	-100
	addi	t0,	sp,	-104
	sw	t0,	44(sp)
	addi	a2,	sp,	-108
	addi	t0,	sp,	-112
	sw	t0,	-32(sp)
	addi	t0,	sp,	-116
	sw	t0,	32(sp)
	addi	t0,	sp,	-120
	sw	t0,	-4(sp)
	addi	a0,	sp,	-124
	li	t0,	0
	sw	t0,	-40(sp)
	lw	t0,	-80(sp)
	sw	t0,	40(sp)
	lw	t0,	-40(sp)
	sw	t0,	108(sp)
	lw	t0,	40(sp)
	sw	t0,	84(sp)
	lw	t0,	84(sp)
	sw	t0,	64(sp)
	lw	t0,	64(sp)
	sw	t0,	96(sp)
	lw	t0,	96(sp)
	sw	t0,	52(sp)
	lw	t0,	52(sp)
	sw	t0,	88(sp)
	lw	t0,	88(sp)
	sw	t0,	60(sp)
	lw	t0,	60(sp)
	sw	t0,	100(sp)
	lw	t0,	100(sp)
	sw	t0,	48(sp)
	lw	t0,	48(sp)
	sw	t0,	80(sp)
	lw	t0,	80(sp)
	sw	t0,	72(sp)
	lw	t0,	72(sp)
	sw	t0,	92(sp)
	lw	t0,	92(sp)
	sw	t0,	56(sp)
	lw	t0,	56(sp)
	sw	t0,	104(sp)
	lw	t0,	104(sp)
	sw	t0,	68(sp)
	lw	t0,	68(sp)
	sw	t0,	76(sp)
	lw	t2,	76(sp)
	lw	t0,	108(sp)
	sw	t0,	228(sp)
	lw	t0,	228(sp)
	sw	t0,	144(sp)
	lw	t0,	144(sp)
	sw	t0,	200(sp)
	lw	t0,	200(sp)
	sw	t0,	132(sp)
	lw	t0,	132(sp)
	sw	t0,	188(sp)
	lw	t0,	188(sp)
	sw	t0,	148(sp)
	lw	t0,	148(sp)
	sw	t0,	176(sp)
	lw	t0,	176(sp)
	sw	t0,	116(sp)
	lw	t0,	116(sp)
	sw	t0,	224(sp)
	lw	t0,	224(sp)
	sw	t0,	168(sp)
	lw	t0,	168(sp)
	sw	t0,	192(sp)
	lw	t0,	192(sp)
	sw	t0,	124(sp)
	lw	t0,	124(sp)
	sw	t0,	172(sp)
	lw	t0,	172(sp)
	sw	t0,	152(sp)
	lw	t0,	152(sp)
	sw	t0,	232(sp)
	lw	t0,	232(sp)
	sw	t0,	112(sp)
	lw	t0,	112(sp)
	sw	t0,	212(sp)
	lw	t0,	212(sp)
	sw	t0,	160(sp)
	lw	t0,	160(sp)
	sw	t0,	180(sp)
	lw	t0,	180(sp)
	sw	t0,	136(sp)
	lw	t0,	136(sp)
	sw	t0,	216(sp)
	lw	t0,	216(sp)
	sw	t0,	140(sp)
	lw	t0,	140(sp)
	sw	t0,	220(sp)
	lw	t0,	220(sp)
	sw	t0,	120(sp)
	lw	t0,	120(sp)
	sw	t0,	184(sp)
	lw	t0,	184(sp)
	sw	t0,	156(sp)
	lw	t0,	156(sp)
	sw	t0,	208(sp)
	lw	t0,	208(sp)
	sw	t0,	128(sp)
	lw	t0,	128(sp)
	sw	t0,	196(sp)
	lw	t0,	196(sp)
	sw	t0,	164(sp)
	lw	t0,	164(sp)
	sw	t0,	204(sp)
	lw	t0,	204(sp)
	sw	t0,	0(t2)
	lw	t0,	-100(sp)
	sw	t0,	0(s0)
	lw	t0,	-24(sp)
	sw	s11,	0(t0)
	lw	t0,	-64(sp)
	lw	t2,	-52(sp)
	sw	t0,	0(t2)
	lw	t0,	28(sp)
	sw	s3,	0(t0)
	lw	t0,	-28(sp)
	sw	s8,	0(t0)
	sw	s1,	0(a6)
	lw	t0,	-72(sp)
	lw	t2,	-48(sp)
	sw	t2,	0(t0)
	lw	t0,	-8(sp)
	lw	t2,	36(sp)
	sw	t0,	0(t2)
	lw	t0,	-76(sp)
	sw	t0,	0(t6)
	lw	t0,	-16(sp)
	sw	s7,	0(t0)
	lw	t2,	-44(sp)
	lw	t0,	0(sp)
	sw	t0,	0(t2)
	lw	t0,	-36(sp)
	sw	t0,	0(a3)
	lw	t0,	-96(sp)
	sw	t0,	0(t5)
	lw	t0,	-12(sp)
	sw	s6,	0(t0)
	lw	t0,	-60(sp)
	sw	t1,	0(t0)
	lw	t0,	-68(sp)
	sw	t0,	0(a4)
	lw	t0,	-120(sp)
	lw	t1,	16(sp)
	sw	t0,	0(t1)
	sw	s5,	0(a5)
	lw	t0,	-108(sp)
	lw	t1,	236(sp)
	sw	t0,	0(t1)
	lw	t0,	-92(sp)
	sw	s2,	0(t0)
	lw	t0,	-88(sp)
	sw	t0,	0(a1)
	lw	t0,	24(sp)
	sw	s9,	0(t0)
	lw	t0,	-104(sp)
	lw	t1,	-56(sp)
	sw	t1,	0(t0)
	lw	t0,	-20(sp)
	sw	s10,	0(t0)
	sw	s4,	0(t3)
	lw	t0,	20(sp)
	sw	a7,	0(t0)
	lw	t0,	-84(sp)
	sw	t0,	0(t4)
	lw	t1,	8(sp)
	lw	t0,	44(sp)
	sw	t1,	0(t0)
	lw	t0,	-116(sp)
	sw	t0,	0(a2)
	lw	t1,	-32(sp)
	lw	t0,	4(sp)
	sw	t0,	0(t1)
	lw	t1,	-112(sp)
	lw	t0,	32(sp)
	sw	t1,	0(t0)
	lw	t1,	-4(sp)
	lw	t0,	12(sp)
	sw	t0,	0(t1)
	lw	t0,	-32(sp)
	ld	t0,	0(t0)
	mv	t0,	t0
	lw	t1,	0(t0)
	lw	t0,	-32(sp)
	ld	t0,	0(t0)
	mv	t0,	t0
	addi	t0,	t0,	4
	lw	t0,	0(t0)
	add	t0,	t1,	t0
	sw	t0,	0(a0)
	lw	t1,	0(a0)
	lw	t0,	-4(sp)
	ld	t0,	0(t0)
	mv	t0,	t0
	lw	t0,	0(t0)
	add	t0,	t1,	t0
	lw	t1,	-4(sp)
	ld	t1,	0(t1)
	mv	t1,	t1
	addi	t1,	t1,	4
	lw	t1,	0(t1)
	add	t0,	t0,	t1
	sw	t0,	0(a0)
	lw	t1,	0(a0)
	lw	t0,	-104(sp)
	ld	t0,	0(t0)
	mv	t0,	t0
	lw	t0,	0(t0)
	add	t1,	t1,	t0
	lw	t0,	-104(sp)
	ld	t0,	0(t0)
	mv	t0,	t0
	addi	t0,	t0,	4
	lw	t0,	0(t0)
	add	t0,	t1,	t0
	sw	t0,	0(a0)
	lw	t1,	0(a0)
	lw	t0,	-52(sp)
	ld	t0,	0(t0)
	mv	t0,	t0
	lw	t0,	0(t0)
	add	t1,	t1,	t0
	lw	t0,	-52(sp)
	ld	t0,	0(t0)
	mv	t0,	t0
	addi	t0,	t0,	4
	lw	t0,	0(t0)
	add	t0,	t1,	t0
	sw	t0,	0(a0)
	lw	t0,	0(a0)
	lw	t1,	236(sp)
	ld	t1,	0(t1)
	mv	t1,	t1
	lw	t1,	0(t1)
	add	t0,	t0,	t1
	lw	t1,	236(sp)
	ld	t1,	0(t1)
	mv	t1,	t1
	addi	t1,	t1,	4
	lw	t1,	0(t1)
	add	t0,	t0,	t1
	sw	t0,	0(a0)
	lw	t1,	0(a0)
	ld	t0,	0(t6)
	mv	t0,	t0
	lw	t0,	0(t0)
	add	t0,	t1,	t0
	ld	t1,	0(t6)
	mv	t1,	t1
	addi	t1,	t1,	4
	lw	t1,	0(t1)
	add	t0,	t0,	t1
	sw	t0,	0(a0)
	lw	t1,	0(a0)
	lw	t0,	-72(sp)
	ld	t0,	0(t0)
	mv	t0,	t0
	lw	t0,	0(t0)
	add	t0,	t1,	t0
	lw	t1,	-72(sp)
	ld	t1,	0(t1)
	mv	t1,	t1
	addi	t1,	t1,	4
	lw	t1,	0(t1)
	add	t0,	t0,	t1
	sw	t0,	0(a0)
	lw	t1,	0(a0)
	lw	t0,	20(sp)
	ld	t0,	0(t0)
	mv	t0,	t0
	lw	t0,	0(t0)
	add	t0,	t1,	t0
	lw	t1,	20(sp)
	ld	t1,	0(t1)
	mv	t1,	t1
	addi	t1,	t1,	4
	lw	t1,	0(t1)
	add	t0,	t0,	t1
	sw	t0,	0(a0)
	lw	t1,	0(a0)
	lw	t0,	44(sp)
	ld	t0,	0(t0)
	mv	t0,	t0
	lw	t0,	0(t0)
	add	t1,	t1,	t0
	lw	t0,	44(sp)
	ld	t0,	0(t0)
	mv	t0,	t0
	addi	t0,	t0,	4
	lw	t0,	0(t0)
	add	t0,	t1,	t0
	sw	t0,	0(a0)
	lw	t1,	0(a0)
	lw	t0,	32(sp)
	ld	t0,	0(t0)
	mv	t0,	t0
	lw	t0,	0(t0)
	add	t1,	t1,	t0
	lw	t0,	32(sp)
	ld	t0,	0(t0)
	mv	t0,	t0
	addi	t0,	t0,	4
	lw	t0,	0(t0)
	add	t0,	t1,	t0
	sw	t0,	0(a0)
	lw	t1,	0(a0)
	ld	t0,	0(t5)
	mv	t0,	t0
	lw	t0,	0(t0)
	add	t0,	t1,	t0
	ld	t1,	0(t5)
	mv	t1,	t1
	addi	t1,	t1,	4
	lw	t1,	0(t1)
	add	t0,	t0,	t1
	sw	t0,	0(a0)
	lw	t1,	0(a0)
	lw	t0,	-20(sp)
	ld	t0,	0(t0)
	mv	t0,	t0
	lw	t0,	0(t0)
	add	t1,	t1,	t0
	lw	t0,	-20(sp)
	ld	t0,	0(t0)
	mv	t0,	t0
	addi	t0,	t0,	4
	lw	t0,	0(t0)
	add	t0,	t1,	t0
	sw	t0,	0(a0)
	lw	t1,	0(a0)
	ld	t0,	0(t4)
	mv	t0,	t0
	lw	t0,	0(t0)
	add	t1,	t1,	t0
	ld	t0,	0(t4)
	mv	t0,	t0
	addi	t0,	t0,	4
	lw	t0,	0(t0)
	add	t0,	t1,	t0
	sw	t0,	0(a0)
	lw	t1,	0(a0)
	lw	t0,	-12(sp)
	ld	t0,	0(t0)
	mv	t0,	t0
	lw	t0,	0(t0)
	add	t1,	t1,	t0
	lw	t0,	-12(sp)
	ld	t0,	0(t0)
	mv	t0,	t0
	addi	t0,	t0,	4
	lw	t0,	0(t0)
	add	t0,	t1,	t0
	sw	t0,	0(a0)
	lw	t1,	0(a0)
	lw	t0,	-92(sp)
	ld	t0,	0(t0)
	mv	t0,	t0
	lw	t0,	0(t0)
	add	t0,	t1,	t0
	lw	t1,	-92(sp)
	ld	t1,	0(t1)
	mv	t1,	t1
	addi	t1,	t1,	4
	lw	t1,	0(t1)
	add	t0,	t0,	t1
	sw	t0,	0(a0)
	lw	t1,	0(a0)
	lw	t0,	-16(sp)
	ld	t0,	0(t0)
	mv	t0,	t0
	lw	t0,	0(t0)
	add	t1,	t1,	t0
	lw	t0,	-16(sp)
	ld	t0,	0(t0)
	mv	t0,	t0
	addi	t0,	t0,	4
	lw	t0,	0(t0)
	add	t0,	t1,	t0
	sw	t0,	0(a0)
	lw	t1,	0(a0)
	lw	t0,	36(sp)
	ld	t0,	0(t0)
	mv	t0,	t0
	lw	t0,	0(t0)
	add	t1,	t1,	t0
	lw	t0,	36(sp)
	ld	t0,	0(t0)
	mv	t0,	t0
	addi	t0,	t0,	4
	lw	t0,	0(t0)
	add	t0,	t1,	t0
	sw	t0,	0(a0)
	lw	t1,	0(a0)
	lw	t0,	28(sp)
	ld	t0,	0(t0)
	mv	t0,	t0
	lw	t0,	0(t0)
	add	t0,	t1,	t0
	lw	t1,	28(sp)
	ld	t1,	0(t1)
	mv	t1,	t1
	addi	t1,	t1,	4
	lw	t1,	0(t1)
	add	t0,	t0,	t1
	sw	t0,	0(a0)
	lw	t1,	0(a0)
	ld	t0,	0(a2)
	mv	t0,	t0
	lw	t0,	0(t0)
	add	t1,	t1,	t0
	ld	t0,	0(a2)
	mv	t0,	t0
	addi	t0,	t0,	4
	lw	t0,	0(t0)
	add	t0,	t1,	t0
	sw	t0,	0(a0)
	lw	t1,	0(a0)
	ld	t0,	0(a5)
	mv	t0,	t0
	lw	t0,	0(t0)
	add	t0,	t1,	t0
	ld	t1,	0(a5)
	mv	t1,	t1
	addi	t1,	t1,	4
	lw	t1,	0(t1)
	add	t0,	t0,	t1
	sw	t0,	0(a0)
	lw	t1,	0(a0)
	ld	t0,	0(a6)
	mv	t0,	t0
	lw	t0,	0(t0)
	add	t1,	t1,	t0
	ld	t0,	0(a6)
	mv	t0,	t0
	addi	t0,	t0,	4
	lw	t0,	0(t0)
	add	t0,	t1,	t0
	sw	t0,	0(a0)
	lw	t1,	0(a0)
	ld	t0,	0(t3)
	mv	t0,	t0
	lw	t0,	0(t0)
	add	t1,	t1,	t0
	ld	t0,	0(t3)
	mv	t0,	t0
	addi	t0,	t0,	4
	lw	t0,	0(t0)
	add	t0,	t1,	t0
	sw	t0,	0(a0)
	lw	t1,	0(a0)
	lw	t0,	-24(sp)
	ld	t0,	0(t0)
	mv	t0,	t0
	lw	t0,	0(t0)
	add	t1,	t1,	t0
	lw	t0,	-24(sp)
	ld	t0,	0(t0)
	mv	t0,	t0
	addi	t0,	t0,	4
	lw	t0,	0(t0)
	add	t0,	t1,	t0
	sw	t0,	0(a0)
	lw	t1,	0(a0)
	ld	t0,	0(a1)
	mv	t0,	t0
	lw	t0,	0(t0)
	add	t1,	t1,	t0
	ld	t0,	0(a1)
	mv	t0,	t0
	addi	t0,	t0,	4
	lw	t0,	0(t0)
	add	t0,	t1,	t0
	sw	t0,	0(a0)
	lw	t1,	0(a0)
	lw	t0,	16(sp)
	ld	t0,	0(t0)
	mv	t0,	t0
	lw	t0,	0(t0)
	add	t1,	t1,	t0
	lw	t0,	16(sp)
	ld	t0,	0(t0)
	mv	t0,	t0
	addi	t0,	t0,	4
	lw	t0,	0(t0)
	add	t0,	t1,	t0
	sw	t0,	0(a0)
	lw	t1,	0(a0)
	lw	t0,	-44(sp)
	ld	t0,	0(t0)
	mv	t0,	t0
	lw	t0,	0(t0)
	add	t1,	t1,	t0
	lw	t0,	-44(sp)
	ld	t0,	0(t0)
	mv	t0,	t0
	addi	t0,	t0,	4
	lw	t0,	0(t0)
	add	t0,	t1,	t0
	sw	t0,	0(a0)
	lw	t1,	0(a0)
	lw	t0,	-60(sp)
	ld	t0,	0(t0)
	mv	t0,	t0
	lw	t0,	0(t0)
	add	t1,	t1,	t0
	lw	t0,	-60(sp)
	ld	t0,	0(t0)
	mv	t0,	t0
	addi	t0,	t0,	4
	lw	t0,	0(t0)
	add	t0,	t1,	t0
	sw	t0,	0(a0)
	lw	t0,	0(a0)
	lw	t1,	24(sp)
	ld	t1,	0(t1)
	mv	t1,	t1
	lw	t1,	0(t1)
	add	t1,	t0,	t1
	lw	t0,	24(sp)
	ld	t0,	0(t0)
	mv	t0,	t0
	addi	t0,	t0,	4
	lw	t0,	0(t0)
	add	t0,	t1,	t0
	sw	t0,	0(a0)
	lw	t1,	0(a0)
	ld	t0,	0(s0)
	mv	t0,	t0
	lw	t0,	0(t0)
	add	t1,	t1,	t0
	ld	t0,	0(s0)
	mv	t0,	t0
	addi	t0,	t0,	4
	lw	t0,	0(t0)
	add	t0,	t1,	t0
	sw	t0,	0(a0)
	lw	t1,	0(a0)
	ld	t0,	0(a3)
	mv	t0,	t0
	lw	t0,	0(t0)
	add	t1,	t1,	t0
	ld	t0,	0(a3)
	mv	t0,	t0
	addi	t0,	t0,	4
	lw	t0,	0(t0)
	add	t0,	t1,	t0
	sw	t0,	0(a0)
	lw	t0,	0(a0)
	ld	t1,	0(a4)
	mv	t1,	t1
	lw	t1,	0(t1)
	add	t1,	t0,	t1
	ld	t0,	0(a4)
	mv	t0,	t0
	addi	t0,	t0,	4
	lw	t0,	0(t0)
	add	t0,	t1,	t0
	sw	t0,	0(a0)
	lw	t1,	0(a0)
	lw	t0,	-28(sp)
	ld	t0,	0(t0)
	mv	t0,	t0
	lw	t0,	0(t0)
	add	t1,	t1,	t0
	lw	t0,	-28(sp)
	ld	t0,	0(t0)
	mv	t0,	t0
	addi	t0,	t0,	4
	lw	t0,	0(t0)
	add	t0,	t1,	t0
	sw	t0,	0(a0)
	lw	t0,	0(a0)
	lw	t1,	-80(sp)
	sw	t0,	0(t1)
	j	param32_arr_blk_1
param32_arr_blk_1:
	lw	t0,	-80(sp)
	lw	t0,	0(t0)
	mv	a0,	t0
	lw	s2,	240(sp)
	lw	s3,	244(sp)
	lw	s4,	248(sp)
	lw	s5,	252(sp)
	lw	s6,	256(sp)
	lw	s7,	260(sp)
	lw	s8,	264(sp)
	lw	s0,	268(sp)
	lw	s9,	272(sp)
	lw	s1,	276(sp)
	lw	s10,	280(sp)
	lw	s11,	284(sp)
	ld	ra,	288(sp)
	addi	sp,	sp,	296
	ret
.section	.text.startup
.align	1
.globl	main
main:
main_blk_0:
	addi	sp,	sp,	-800
	sd	ra,	792(sp)
	sw	s11,	788(sp)
	sw	s10,	784(sp)
	sw	s9,	780(sp)
	sw	s1,	776(sp)
	sw	s8,	772(sp)
	sw	s0,	768(sp)
	sw	s7,	764(sp)
	sw	s6,	760(sp)
	sw	s5,	756(sp)
	sw	s4,	752(sp)
	sw	s3,	748(sp)
	sw	s2,	744(sp)
	addi	a0,	sp,	224
	addi	a1,	sp,	228
	addi	a3,	sp,	484
	li	t0,	0
	sw	t0,	0(a0)
	mv	t0,	a1
	mv	t0,	t0
	mv	a0,	t0
	li	a1,	0
	li	a2,	256
	sw	a0,	516(sp)
	sw	a1,	520(sp)
	sw	a3,	524(sp)
	call	memset
	lw	a3,	524(sp)
	lw	a1,	520(sp)
	lw	a0,	516(sp)
	mv	s7,	a1
	sw	a0,	528(sp)
	sw	a1,	532(sp)
	sw	a3,	536(sp)
	call	getint
	lw	a3,	536(sp)
	lw	a1,	532(sp)
	lw	a0,	528(sp)
	mv	s5,	a0
	sw	a0,	540(sp)
	sw	a1,	544(sp)
	sw	a3,	548(sp)
	call	getint
	lw	a3,	548(sp)
	lw	a1,	544(sp)
	lw	a0,	540(sp)
	mv	t0,	a0
	sw	a0,	552(sp)
	sw	a1,	556(sp)
	sw	a3,	560(sp)
	call	getint
	lw	a3,	560(sp)
	lw	a1,	556(sp)
	lw	a0,	552(sp)
	mv	t2,	a0
	sw	a0,	564(sp)
	sw	a1,	568(sp)
	sw	a3,	572(sp)
	call	getint
	lw	a3,	572(sp)
	lw	a1,	568(sp)
	lw	a0,	564(sp)
	mv	s4,	a0
	sw	a0,	576(sp)
	sw	a1,	580(sp)
	sw	a3,	584(sp)
	call	getint
	lw	a3,	584(sp)
	lw	a1,	580(sp)
	lw	a0,	576(sp)
	mv	s1,	a0
	sw	a0,	588(sp)
	sw	a1,	592(sp)
	sw	a3,	596(sp)
	call	getint
	lw	a3,	596(sp)
	lw	a1,	592(sp)
	lw	a0,	588(sp)
	mv	s3,	a0
	sw	a0,	600(sp)
	sw	a1,	604(sp)
	sw	a3,	608(sp)
	call	getint
	lw	a3,	608(sp)
	lw	a1,	604(sp)
	lw	a0,	600(sp)
	mv	s6,	a0
	sw	a0,	612(sp)
	sw	a1,	616(sp)
	sw	a3,	620(sp)
	call	getint
	lw	a3,	620(sp)
	lw	a1,	616(sp)
	lw	a0,	612(sp)
	mv	s0,	a0
	sw	a0,	624(sp)
	sw	a1,	628(sp)
	sw	a3,	632(sp)
	call	getint
	lw	a3,	632(sp)
	lw	a1,	628(sp)
	lw	a0,	624(sp)
	mv	a4,	a0
	sw	a0,	636(sp)
	sw	a1,	640(sp)
	sw	a3,	644(sp)
	call	getint
	lw	a3,	644(sp)
	lw	a1,	640(sp)
	lw	a0,	636(sp)
	mv	a7,	a0
	sw	a0,	648(sp)
	sw	a1,	652(sp)
	sw	a3,	656(sp)
	call	getint
	lw	a3,	656(sp)
	lw	a1,	652(sp)
	lw	a0,	648(sp)
	mv	a6,	a0
	sw	a0,	660(sp)
	sw	a1,	664(sp)
	sw	a3,	668(sp)
	call	getint
	lw	a3,	668(sp)
	lw	a1,	664(sp)
	lw	a0,	660(sp)
	mv	t1,	a0
	sw	a0,	672(sp)
	sw	a1,	676(sp)
	sw	a3,	680(sp)
	call	getint
	lw	a3,	680(sp)
	lw	a1,	676(sp)
	lw	a0,	672(sp)
	mv	s8,	a0
	sw	a0,	684(sp)
	sw	a1,	688(sp)
	sw	a3,	692(sp)
	call	getint
	lw	a3,	692(sp)
	lw	a1,	688(sp)
	lw	a0,	684(sp)
	mv	a2,	a0
	sw	a0,	696(sp)
	sw	a1,	700(sp)
	sw	a3,	704(sp)
	call	getint
	lw	a3,	704(sp)
	lw	a1,	700(sp)
	lw	a0,	696(sp)
	mv	s2,	a0
	sw	a0,	708(sp)
	sw	a1,	712(sp)
	sw	a3,	716(sp)
	call	getint
	lw	a3,	716(sp)
	lw	a1,	712(sp)
	lw	a0,	708(sp)
	mv	a5,	a0
	mv	a0,	s5
	mv	a1,	t0
	mv	a2,	t2
	mv	a3,	s4
	mv	a4,	s1
	mv	a5,	s3
	mv	a6,	s6
	mv	a7,	s0
	sw	a4,	0(sp)
	sw	a7,	4(sp)
	sw	a6,	8(sp)
	sw	t1,	12(sp)
	sw	s8,	16(sp)
	sw	a2,	20(sp)
	sw	s2,	24(sp)
	sw	a5,	28(sp)
	sw	a0,	720(sp)
	sw	a1,	724(sp)
	sw	a3,	728(sp)
	call	param16
	lw	a3,	728(sp)
	lw	a1,	724(sp)
	lw	a0,	720(sp)
	mv	t0,	a0
	sw	t0,	0(s7)
	mv	t0,	a1
	addi	t0,	t0,	4
	li	t1,	8848
	sw	t1,	0(t0)
	li	t0,	1
	sw	t0,	0(a3)
	j	main_blk_1
main_blk_1:
	lw	t0,	0(a3)
	slti	t0,	t0,	32
	bnez	t0,	main_blk_2
	j	main_blk_3
main_blk_2:
	lw	t0,	0(a3)
	li	t1,	1
	sub	t0,	t0,	t1
	mv	t0,	t0
	mv	t0,	a1
	li	t0,	8
	mul	t0,	t0,	t0
	add	t0,	t0,	t0
	addi	t0,	t0,	4
	lw	t1,	0(t0)
	li	t0,	1
	sub	t0,	t1,	t0
	lw	t1,	0(a3)
	mv	t1,	t1
	mv	t1,	a1
	li	t1,	8
	mul	t1,	t1,	t1
	add	t1,	t1,	t1
	sw	t0,	0(t1)
	lw	t1,	0(a3)
	li	t0,	1
	sub	t0,	t1,	t0
	mv	t0,	t0
	mv	t0,	a1
	li	t0,	8
	mul	t0,	t0,	t0
	add	t0,	t0,	t0
	lw	t1,	0(t0)
	li	t0,	2
	sub	t1,	t1,	t0
	lw	t0,	0(a3)
	mv	t0,	t0
	mv	t0,	a1
	li	t0,	8
	mul	t0,	t0,	t0
	add	t0,	t0,	t0
	addi	t0,	t0,	4
	sw	t1,	0(t0)
	lw	t0,	0(a3)
	addi	t0,	t0,	1
	sw	t0,	0(a3)
	j	main_blk_1
main_blk_3:
	mv	t0,	a1
	mv	s3,	t0
	mv	t0,	a1
	addi	t0,	t0,	4
	mv	s6,	t0
	mv	t0,	a1
	addi	t0,	t0,	8
	mv	s2,	t0
	mv	t0,	a1
	addi	t0,	t0,	12
	mv	a2,	t0
	mv	t0,	a1
	addi	t0,	t0,	16
	mv	s5,	t0
	mv	t0,	a1
	addi	t0,	t0,	20
	mv	t2,	t0
	mv	t0,	a1
	addi	t0,	t0,	24
	mv	a4,	t0
	mv	t0,	a1
	addi	t0,	t0,	28
	mv	t0,	t0
	mv	t1,	a1
	addi	t1,	t1,	32
	mv	s7,	t1
	mv	t1,	a1
	addi	t1,	t1,	36
	mv	t1,	t1
	sw	t1,	500(sp)
	mv	t1,	a1
	addi	t1,	t1,	40
	mv	s8,	t1
	mv	t1,	a1
	addi	t1,	t1,	44
	mv	s9,	t1
	mv	t1,	a1
	addi	t1,	t1,	48
	mv	s10,	t1
	mv	t1,	a1
	addi	t1,	t1,	52
	mv	s11,	t1
	mv	t1,	a1
	addi	t1,	t1,	56
	mv	s4,	t1
	mv	t1,	a1
	addi	t1,	t1,	60
	mv	t3,	t1
	mv	t1,	a1
	addi	t1,	t1,	64
	mv	a7,	t1
	mv	t1,	a1
	addi	t1,	t1,	68
	mv	t4,	t1
	mv	t1,	a1
	addi	t1,	t1,	72
	mv	a5,	t1
	mv	t1,	a1
	addi	t1,	t1,	76
	mv	t1,	t1
	sw	t1,	508(sp)
	mv	t1,	a1
	addi	t1,	t1,	80
	mv	a6,	t1
	mv	t1,	a1
	addi	t1,	t1,	84
	mv	t1,	t1
	sw	t1,	492(sp)
	mv	t1,	a1
	addi	t1,	t1,	88
	mv	t5,	t1
	mv	t1,	a1
	addi	t1,	t1,	92
	mv	t1,	t1
	mv	s0,	a1
	addi	s0,	s0,	96
	mv	s0,	s0
	mv	s1,	a1
	addi	s1,	s1,	100
	mv	s1,	s1
	sw	s1,	504(sp)
	mv	s1,	a1
	addi	s1,	s1,	104
	mv	s1,	s1
	sw	s1,	488(sp)
	mv	s1,	a1
	addi	s1,	s1,	108
	mv	s1,	s1
	sw	s1,	512(sp)
	mv	s1,	a1
	addi	s1,	s1,	112
	mv	s1,	s1
	sw	s1,	496(sp)
	mv	s1,	a1
	addi	s1,	s1,	116
	mv	a3,	s1
	mv	s1,	a1
	addi	s1,	s1,	120
	mv	t6,	s1
	mv	s1,	a1
	addi	s1,	s1,	124
	mv	s1,	s1
	mv	a0,	s3
	mv	a1,	s6
	mv	a2,	s2
	mv	a3,	a2
	mv	a4,	s5
	mv	a5,	t2
	mv	a6,	a4
	mv	a7,	t0
	sd	s7,	0(sp)
	lw	t0,	500(sp)
	sd	t0,	8(sp)
	sd	s8,	16(sp)
	sd	s9,	24(sp)
	sd	s10,	32(sp)
	sd	s11,	40(sp)
	sd	s4,	48(sp)
	sd	t3,	56(sp)
	sd	a7,	64(sp)
	sd	t4,	72(sp)
	sd	a5,	80(sp)
	lw	t0,	508(sp)
	sd	t0,	88(sp)
	sd	a6,	96(sp)
	lw	t0,	492(sp)
	sd	t0,	104(sp)
	sd	t5,	112(sp)
	sd	t1,	120(sp)
	sd	s0,	128(sp)
	lw	t0,	504(sp)
	sd	t0,	136(sp)
	lw	t0,	488(sp)
	sd	t0,	144(sp)
	lw	t0,	512(sp)
	sd	t0,	152(sp)
	lw	t0,	496(sp)
	sd	t0,	160(sp)
	sd	a3,	168(sp)
	sd	t6,	176(sp)
	sd	s1,	184(sp)
	sw	a0,	732(sp)
	call	param32_arr
	lw	a0,	732(sp)
	mv	t0,	a0
	mv	a0,	t0
	sw	a0,	736(sp)
	call	putint
	lw	a0,	736(sp)
	li	a0,	10
	sw	a0,	740(sp)
	call	putch
	lw	a0,	740(sp)
	li	t0,	0
	sw	t0,	0(a0)
	j	main_blk_4
main_blk_4:
	lw	t0,	0(a0)
	mv	a0,	t0
	lw	s2,	744(sp)
	lw	s3,	748(sp)
	lw	s4,	752(sp)
	lw	s5,	756(sp)
	lw	s6,	760(sp)
	lw	s7,	764(sp)
	lw	s0,	768(sp)
	lw	s8,	772(sp)
	lw	s1,	776(sp)
	lw	s9,	780(sp)
	lw	s10,	784(sp)
	lw	s11,	788(sp)
	ld	ra,	792(sp)
	addi	sp,	sp,	800
	ret
.section	.text
.align	1
sort:
sort_blk_0:
	addi	sp,	sp,	-32
	sd	ra,	24(sp)
	sw	s1,	16(sp)
	sw	s0,	12(sp)
	mv	t2,	a1
	mv	t1,	a0
	addi	s1,	sp,	0
	addi	s0,	sp,	-4
	addi	a0,	sp,	0
	addi	a1,	sp,	4
	addi	t0,	sp,	8
	sw	t1,	0(s1)
	sw	t2,	0(s0)
	li	t1,	0
	sw	t1,	0(a0)
	j	sort_blk_1
sort_blk_1:
	lw	t1,	0(a0)
	lw	a2,	0(s0)
	li	t2,	1
	sub	t2,	a2,	t2
	slt	t1,	t1,	t2
	bnez	t1,	sort_blk_2
	j	sort_blk_8
sort_blk_2:
	lw	t1,	0(a0)
	addi	t1,	t1,	1
	sw	t1,	0(a1)
	j	sort_blk_3
sort_blk_3:
	lw	t1,	0(a1)
	lw	t2,	0(s0)
	slt	t1,	t1,	t2
	bnez	t1,	sort_blk_4
	j	sort_blk_7
sort_blk_4:
	lw	t1,	0(a0)
	mv	t1,	t1
	ld	t1,	0(s1)
	mv	t1,	t1
	li	t1,	4
	mul	t1,	t1,	t1
	add	t1,	t1,	t1
	lw	t2,	0(t1)
	lw	t1,	0(a1)
	mv	t1,	t1
	ld	t1,	0(s1)
	mv	t1,	t1
	li	t1,	4
	mul	t1,	t1,	t1
	add	t1,	t1,	t1
	lw	t1,	0(t1)
	slt	t1,	t2,	t1
	bnez	t1,	sort_blk_5
	j	sort_blk_6
sort_blk_5:
	lw	t1,	0(a0)
	mv	t1,	t1
	ld	t1,	0(s1)
	mv	t1,	t1
	li	t1,	4
	mul	t1,	t1,	t1
	add	t1,	t1,	t1
	lw	t1,	0(t1)
	sw	t1,	0(t0)
	lw	t1,	0(a1)
	mv	t1,	t1
	ld	t1,	0(s1)
	mv	t1,	t1
	li	t1,	4
	mul	t1,	t1,	t1
	add	t1,	t1,	t1
	lw	t2,	0(t1)
	lw	t1,	0(a0)
	mv	t1,	t1
	ld	t1,	0(s1)
	mv	t1,	t1
	li	t1,	4
	mul	t1,	t1,	t1
	add	t1,	t1,	t1
	sw	t2,	0(t1)
	lw	t2,	0(t0)
	lw	t1,	0(a1)
	mv	t1,	t1
	ld	t1,	0(s1)
	mv	t1,	t1
	li	t1,	4
	mul	t1,	t1,	t1
	add	t1,	t1,	t1
	sw	t2,	0(t1)
	j	sort_blk_6
sort_blk_6:
	lw	t1,	0(a1)
	addi	t1,	t1,	1
	sw	t1,	0(a1)
	j	sort_blk_3
sort_blk_7:
	lw	t1,	0(a0)
	addi	t1,	t1,	1
	sw	t1,	0(a0)
	j	sort_blk_1
sort_blk_8:
	j	sort_blk_9
sort_blk_9:
	lw	s0,	12(sp)
	lw	s1,	16(sp)
	ld	ra,	24(sp)
	addi	sp,	sp,	32
	ret
